 Carga Cpu:0.8779296875 Tiempo [ms]:31488 Memoria Total:2090180608 Memoria Libre: 321318912 PID:144 COMMAND:[kpsmoused] ARGUMENTS:
 Carga Cpu:0.8779296875 Tiempo [ms]:31488 Memoria Total:2090180608 Memoria Libre: 321318912 PID:307 COMMAND:upstart-udev-bridge ARGUMENTS:--daemon
 Carga Cpu:0.8779296875 Tiempo [ms]:31488 Memoria Total:2090180608 Memoria Libre: 321318912 PID:477 COMMAND:upstart-socket-bridge ARGUMENTS:--daemon
 Carga Cpu:0.8779296875 Tiempo [ms]:31488 Memoria Total:2090180608 Memoria Libre: 321318912 PID:839 COMMAND:upstart-file-bridge ARGUMENTS:--daemon
 Carga Cpu:0.8779296875 Tiempo [ms]:31488 Memoria Total:2090180608 Memoria Libre: 321318912 PID:1119 COMMAND:/usr/sbin/cups-browsed ARGUMENTS:
 Carga Cpu:0.8779296875 Tiempo [ms]:31488 Memoria Total:2090180608 Memoria Libre: 321318912 PID:1166 COMMAND:whoopsie ARGUMENTS:
 Carga Cpu:0.8779296875 Tiempo [ms]:31488 Memoria Total:2090180608 Memoria Libre: 321318912 PID:1599 COMMAND:/usr/sbin/kerneloops ARGUMENTS:
 Carga Cpu:0.8779296875 Tiempo [ms]:31488 Memoria Total:2090180608 Memoria Libre: 321318912 PID:2452 COMMAND:/usr/sbin/cupsd ARGUMENTS:-f
 Carga Cpu:0.8779296875 Tiempo [ms]:31488 Memoria Total:2090180608 Memoria Libre: 321318912 PID:2455 COMMAND:/usr/lib/cups/notifier/dbus ARGUMENTS:dbus://
 Carga Cpu:0.8779296875 Tiempo [ms]:31488 Memoria Total:2090180608 Memoria Libre: 321318912 PID:2456 COMMAND:/usr/lib/cups/notifier/dbus ARGUMENTS:dbus://
 Carga Cpu:0.8779296875 Tiempo [ms]:31488 Memoria Total:2090180608 Memoria Libre: 321318912 PID:4082 COMMAND:upstart-event-bridge ARGUMENTS:
 Carga Cpu:0.8779296875 Tiempo [ms]:31488 Memoria Total:2090180608 Memoria Libre: 321318912 PID:4104 COMMAND:upstart-dbus-bridge ARGUMENTS:--daemon,--session,--user,--bus-name,session
 Carga Cpu:0.8779296875 Tiempo [ms]:31488 Memoria Total:2090180608 Memoria Libre: 321318912 PID:4125 COMMAND:upstart-dbus-bridge ARGUMENTS:--daemon,--system,--user,--bus-name,system
 Carga Cpu:0.8779296875 Tiempo [ms]:31488 Memoria Total:2090180608 Memoria Libre: 321318912 PID:4127 COMMAND:upstart-file-bridge ARGUMENTS:--daemon,--user
 Carga Cpu:0.8779296875 Tiempo [ms]:31488 Memoria Total:2090180608 Memoria Libre: 321318912 PID:12763 COMMAND:ps ARGUMENTS:-aux
 Carga Cpu:0.947265625 Tiempo [ms]:31498 Memoria Total:2090180608 Memoria Libre: 311484416 PID:144 COMMAND:[kpsmoused] ARGUMENTS:
 Carga Cpu:0.947265625 Tiempo [ms]:31498 Memoria Total:2090180608 Memoria Libre: 311484416 PID:307 COMMAND:upstart-udev-bridge ARGUMENTS:--daemon
 Carga Cpu:0.947265625 Tiempo [ms]:31498 Memoria Total:2090180608 Memoria Libre: 311484416 PID:477 COMMAND:upstart-socket-bridge ARGUMENTS:--daemon
 Carga Cpu:0.947265625 Tiempo [ms]:31498 Memoria Total:2090180608 Memoria Libre: 311484416 PID:839 COMMAND:upstart-file-bridge ARGUMENTS:--daemon
 Carga Cpu:0.947265625 Tiempo [ms]:31498 Memoria Total:2090180608 Memoria Libre: 311484416 PID:1119 COMMAND:/usr/sbin/cups-browsed ARGUMENTS:
 Carga Cpu:0.947265625 Tiempo [ms]:31498 Memoria Total:2090180608 Memoria Libre: 311484416 PID:1166 COMMAND:whoopsie ARGUMENTS:
 Carga Cpu:0.947265625 Tiempo [ms]:31498 Memoria Total:2090180608 Memoria Libre: 311484416 PID:1599 COMMAND:/usr/sbin/kerneloops ARGUMENTS:
 Carga Cpu:0.947265625 Tiempo [ms]:31498 Memoria Total:2090180608 Memoria Libre: 311484416 PID:2452 COMMAND:/usr/sbin/cupsd ARGUMENTS:-f
 Carga Cpu:0.947265625 Tiempo [ms]:31498 Memoria Total:2090180608 Memoria Libre: 311484416 PID:2455 COMMAND:/usr/lib/cups/notifier/dbus ARGUMENTS:dbus://
 Carga Cpu:0.947265625 Tiempo [ms]:31498 Memoria Total:2090180608 Memoria Libre: 311484416 PID:2456 COMMAND:/usr/lib/cups/notifier/dbus ARGUMENTS:dbus://
 Carga Cpu:0.947265625 Tiempo [ms]:31498 Memoria Total:2090180608 Memoria Libre: 311484416 PID:4082 COMMAND:upstart-event-bridge ARGUMENTS:
 Carga Cpu:0.947265625 Tiempo [ms]:31498 Memoria Total:2090180608 Memoria Libre: 311484416 PID:4104 COMMAND:upstart-dbus-bridge ARGUMENTS:--daemon,--session,--user,--bus-name,session
 Carga Cpu:0.947265625 Tiempo [ms]:31498 Memoria Total:2090180608 Memoria Libre: 311484416 PID:4125 COMMAND:upstart-dbus-bridge ARGUMENTS:--daemon,--system,--user,--bus-name,system
 Carga Cpu:0.947265625 Tiempo [ms]:31498 Memoria Total:2090180608 Memoria Libre: 311484416 PID:4127 COMMAND:upstart-file-bridge ARGUMENTS:--daemon,--user
 Carga Cpu:0.947265625 Tiempo [ms]:31498 Memoria Total:2090180608 Memoria Libre: 311484416 PID:12769 COMMAND:ps ARGUMENTS:-aux
 Carga Cpu:1.09765625 Tiempo [ms]:31508 Memoria Total:2090180608 Memoria Libre: 286167040 PID:144 COMMAND:[kpsmoused] ARGUMENTS:
 Carga Cpu:1.09765625 Tiempo [ms]:31508 Memoria Total:2090180608 Memoria Libre: 286167040 PID:307 COMMAND:upstart-udev-bridge ARGUMENTS:--daemon
 Carga Cpu:1.09765625 Tiempo [ms]:31508 Memoria Total:2090180608 Memoria Libre: 286167040 PID:477 COMMAND:upstart-socket-bridge ARGUMENTS:--daemon
 Carga Cpu:1.09765625 Tiempo [ms]:31508 Memoria Total:2090180608 Memoria Libre: 286167040 PID:839 COMMAND:upstart-file-bridge ARGUMENTS:--daemon
 Carga Cpu:1.09765625 Tiempo [ms]:31508 Memoria Total:2090180608 Memoria Libre: 286167040 PID:1119 COMMAND:/usr/sbin/cups-browsed ARGUMENTS:
 Carga Cpu:1.09765625 Tiempo [ms]:31508 Memoria Total:2090180608 Memoria Libre: 286167040 PID:1166 COMMAND:whoopsie ARGUMENTS:
 Carga Cpu:1.09765625 Tiempo [ms]:31508 Memoria Total:2090180608 Memoria Libre: 286167040 PID:1599 COMMAND:/usr/sbin/kerneloops ARGUMENTS:
 Carga Cpu:1.09765625 Tiempo [ms]:31508 Memoria Total:2090180608 Memoria Libre: 286167040 PID:2452 COMMAND:/usr/sbin/cupsd ARGUMENTS:-f
 Carga Cpu:1.09765625 Tiempo [ms]:31508 Memoria Total:2090180608 Memoria Libre: 286167040 PID:2455 COMMAND:/usr/lib/cups/notifier/dbus ARGUMENTS:dbus://
 Carga Cpu:1.09765625 Tiempo [ms]:31508 Memoria Total:2090180608 Memoria Libre: 286167040 PID:2456 COMMAND:/usr/lib/cups/notifier/dbus ARGUMENTS:dbus://
 Carga Cpu:1.09765625 Tiempo [ms]:31508 Memoria Total:2090180608 Memoria Libre: 286167040 PID:4082 COMMAND:upstart-event-bridge ARGUMENTS:
 Carga Cpu:1.09765625 Tiempo [ms]:31508 Memoria Total:2090180608 Memoria Libre: 286167040 PID:4104 COMMAND:upstart-dbus-bridge ARGUMENTS:--daemon,--session,--user,--bus-name,session
 Carga Cpu:1.09765625 Tiempo [ms]:31508 Memoria Total:2090180608 Memoria Libre: 286167040 PID:4125 COMMAND:upstart-dbus-bridge ARGUMENTS:--daemon,--system,--user,--bus-name,system
 Carga Cpu:1.09765625 Tiempo [ms]:31508 Memoria Total:2090180608 Memoria Libre: 286167040 PID:4127 COMMAND:upstart-file-bridge ARGUMENTS:--daemon,--user
 Carga Cpu:1.09765625 Tiempo [ms]:31508 Memoria Total:2090180608 Memoria Libre: 286167040 PID:12775 COMMAND:ps ARGUMENTS:-aux
 Carga Cpu:1.1767578125 Tiempo [ms]:31518 Memoria Total:2090180608 Memoria Libre: 264380416 PID:144 COMMAND:[kpsmoused] ARGUMENTS:
 Carga Cpu:1.1767578125 Tiempo [ms]:31518 Memoria Total:2090180608 Memoria Libre: 264380416 PID:307 COMMAND:upstart-udev-bridge ARGUMENTS:--daemon
 Carga Cpu:1.1767578125 Tiempo [ms]:31518 Memoria Total:2090180608 Memoria Libre: 264380416 PID:477 COMMAND:upstart-socket-bridge ARGUMENTS:--daemon
 Carga Cpu:1.1767578125 Tiempo [ms]:31518 Memoria Total:2090180608 Memoria Libre: 264380416 PID:839 COMMAND:upstart-file-bridge ARGUMENTS:--daemon
 Carga Cpu:1.1767578125 Tiempo [ms]:31518 Memoria Total:2090180608 Memoria Libre: 264380416 PID:1119 COMMAND:/usr/sbin/cups-browsed ARGUMENTS:
 Carga Cpu:1.1767578125 Tiempo [ms]:31518 Memoria Total:2090180608 Memoria Libre: 264380416 PID:1166 COMMAND:whoopsie ARGUMENTS:
 Carga Cpu:1.1767578125 Tiempo [ms]:31518 Memoria Total:2090180608 Memoria Libre: 264380416 PID:1599 COMMAND:/usr/sbin/kerneloops ARGUMENTS:
 Carga Cpu:1.1767578125 Tiempo [ms]:31518 Memoria Total:2090180608 Memoria Libre: 264380416 PID:2452 COMMAND:/usr/sbin/cupsd ARGUMENTS:-f
 Carga Cpu:1.1767578125 Tiempo [ms]:31518 Memoria Total:2090180608 Memoria Libre: 264380416 PID:2455 COMMAND:/usr/lib/cups/notifier/dbus ARGUMENTS:dbus://
 Carga Cpu:1.1767578125 Tiempo [ms]:31518 Memoria Total:2090180608 Memoria Libre: 264380416 PID:2456 COMMAND:/usr/lib/cups/notifier/dbus ARGUMENTS:dbus://
 Carga Cpu:1.1767578125 Tiempo [ms]:31518 Memoria Total:2090180608 Memoria Libre: 264380416 PID:4082 COMMAND:upstart-event-bridge ARGUMENTS:
 Carga Cpu:1.1767578125 Tiempo [ms]:31518 Memoria Total:2090180608 Memoria Libre: 264380416 PID:4104 COMMAND:upstart-dbus-bridge ARGUMENTS:--daemon,--session,--user,--bus-name,session
 Carga Cpu:1.1767578125 Tiempo [ms]:31518 Memoria Total:2090180608 Memoria Libre: 264380416 PID:4125 COMMAND:upstart-dbus-bridge ARGUMENTS:--daemon,--system,--user,--bus-name,system
 Carga Cpu:1.1767578125 Tiempo [ms]:31518 Memoria Total:2090180608 Memoria Libre: 264380416 PID:4127 COMMAND:upstart-file-bridge ARGUMENTS:--daemon,--user
 Carga Cpu:1.1767578125 Tiempo [ms]:31518 Memoria Total:2090180608 Memoria Libre: 264380416 PID:12782 COMMAND:ps ARGUMENTS:-aux
 Carga Cpu:1.11376953125 Tiempo [ms]:31542 Memoria Total:2090180608 Memoria Libre: 412798976 PID:144 COMMAND:[kpsmoused] ARGUMENTS:
 Carga Cpu:1.11376953125 Tiempo [ms]:31542 Memoria Total:2090180608 Memoria Libre: 412798976 PID:307 COMMAND:upstart-udev-bridge ARGUMENTS:--daemon
 Carga Cpu:1.11376953125 Tiempo [ms]:31542 Memoria Total:2090180608 Memoria Libre: 412798976 PID:477 COMMAND:upstart-socket-bridge ARGUMENTS:--daemon
 Carga Cpu:1.11376953125 Tiempo [ms]:31542 Memoria Total:2090180608 Memoria Libre: 412798976 PID:839 COMMAND:upstart-file-bridge ARGUMENTS:--daemon
 Carga Cpu:1.11376953125 Tiempo [ms]:31542 Memoria Total:2090180608 Memoria Libre: 412798976 PID:1119 COMMAND:/usr/sbin/cups-browsed ARGUMENTS:
 Carga Cpu:1.11376953125 Tiempo [ms]:31542 Memoria Total:2090180608 Memoria Libre: 412798976 PID:1166 COMMAND:whoopsie ARGUMENTS:
 Carga Cpu:1.11376953125 Tiempo [ms]:31542 Memoria Total:2090180608 Memoria Libre: 412798976 PID:1599 COMMAND:/usr/sbin/kerneloops ARGUMENTS:
 Carga Cpu:1.11376953125 Tiempo [ms]:31542 Memoria Total:2090180608 Memoria Libre: 412798976 PID:2452 COMMAND:/usr/sbin/cupsd ARGUMENTS:-f
 Carga Cpu:1.11376953125 Tiempo [ms]:31542 Memoria Total:2090180608 Memoria Libre: 412798976 PID:2455 COMMAND:/usr/lib/cups/notifier/dbus ARGUMENTS:dbus://
 Carga Cpu:1.11376953125 Tiempo [ms]:31542 Memoria Total:2090180608 Memoria Libre: 412798976 PID:2456 COMMAND:/usr/lib/cups/notifier/dbus ARGUMENTS:dbus://
 Carga Cpu:1.11376953125 Tiempo [ms]:31542 Memoria Total:2090180608 Memoria Libre: 412798976 PID:4082 COMMAND:upstart-event-bridge ARGUMENTS:
 Carga Cpu:1.11376953125 Tiempo [ms]:31542 Memoria Total:2090180608 Memoria Libre: 412798976 PID:4104 COMMAND:upstart-dbus-bridge ARGUMENTS:--daemon,--session,--user,--bus-name,session
 Carga Cpu:1.11376953125 Tiempo [ms]:31542 Memoria Total:2090180608 Memoria Libre: 412798976 PID:4125 COMMAND:upstart-dbus-bridge ARGUMENTS:--daemon,--system,--user,--bus-name,system
 Carga Cpu:1.11376953125 Tiempo [ms]:31542 Memoria Total:2090180608 Memoria Libre: 412798976 PID:4127 COMMAND:upstart-file-bridge ARGUMENTS:--daemon,--user
 Carga Cpu:1.11376953125 Tiempo [ms]:31542 Memoria Total:2090180608 Memoria Libre: 412798976 PID:12810 COMMAND:ps ARGUMENTS:-aux
 Carga Cpu:1.11376953125 Tiempo [ms]:31542 Memoria Total:2090180608 Memoria Libre: 412798976 PID:12812 COMMAND:ps ARGUMENTS:-aux
 Carga Cpu:1.15966796875 Tiempo [ms]:31552 Memoria Total:2090180608 Memoria Libre: 364892160 PID:144 COMMAND:[kpsmoused] ARGUMENTS:
 Carga Cpu:1.15966796875 Tiempo [ms]:31552 Memoria Total:2090180608 Memoria Libre: 364892160 PID:307 COMMAND:upstart-udev-bridge ARGUMENTS:--daemon
 Carga Cpu:1.15966796875 Tiempo [ms]:31552 Memoria Total:2090180608 Memoria Libre: 364892160 PID:477 COMMAND:upstart-socket-bridge ARGUMENTS:--daemon
 Carga Cpu:1.15966796875 Tiempo [ms]:31552 Memoria Total:2090180608 Memoria Libre: 364892160 PID:839 COMMAND:upstart-file-bridge ARGUMENTS:--daemon
 Carga Cpu:1.15966796875 Tiempo [ms]:31552 Memoria Total:2090180608 Memoria Libre: 364892160 PID:1119 COMMAND:/usr/sbin/cups-browsed ARGUMENTS:
 Carga Cpu:1.15966796875 Tiempo [ms]:31552 Memoria Total:2090180608 Memoria Libre: 364892160 PID:1166 COMMAND:whoopsie ARGUMENTS:
 Carga Cpu:1.15966796875 Tiempo [ms]:31552 Memoria Total:2090180608 Memoria Libre: 364892160 PID:1599 COMMAND:/usr/sbin/kerneloops ARGUMENTS:
 Carga Cpu:1.15966796875 Tiempo [ms]:31552 Memoria Total:2090180608 Memoria Libre: 364892160 PID:2452 COMMAND:/usr/sbin/cupsd ARGUMENTS:-f
 Carga Cpu:1.15966796875 Tiempo [ms]:31552 Memoria Total:2090180608 Memoria Libre: 364892160 PID:2455 COMMAND:/usr/lib/cups/notifier/dbus ARGUMENTS:dbus://
 Carga Cpu:1.15966796875 Tiempo [ms]:31552 Memoria Total:2090180608 Memoria Libre: 364892160 PID:2456 COMMAND:/usr/lib/cups/notifier/dbus ARGUMENTS:dbus://
 Carga Cpu:1.15966796875 Tiempo [ms]:31552 Memoria Total:2090180608 Memoria Libre: 364892160 PID:4082 COMMAND:upstart-event-bridge ARGUMENTS:
 Carga Cpu:1.15966796875 Tiempo [ms]:31552 Memoria Total:2090180608 Memoria Libre: 364892160 PID:4104 COMMAND:upstart-dbus-bridge ARGUMENTS:--daemon,--session,--user,--bus-name,session
 Carga Cpu:1.15966796875 Tiempo [ms]:31552 Memoria Total:2090180608 Memoria Libre: 364892160 PID:4125 COMMAND:upstart-dbus-bridge ARGUMENTS:--daemon,--system,--user,--bus-name,system
 Carga Cpu:1.15966796875 Tiempo [ms]:31552 Memoria Total:2090180608 Memoria Libre: 364892160 PID:4127 COMMAND:upstart-file-bridge ARGUMENTS:--daemon,--user
 Carga Cpu:1.15966796875 Tiempo [ms]:31552 Memoria Total:2090180608 Memoria Libre: 364765184 PID:12818 COMMAND:ps ARGUMENTS:-aux
 Carga Cpu:1.220703125 Tiempo [ms]:31562 Memoria Total:2090180608 Memoria Libre: 333467648 PID:144 COMMAND:[kpsmoused] ARGUMENTS:
 Carga Cpu:1.220703125 Tiempo [ms]:31562 Memoria Total:2090180608 Memoria Libre: 333467648 PID:307 COMMAND:upstart-udev-bridge ARGUMENTS:--daemon
 Carga Cpu:1.220703125 Tiempo [ms]:31562 Memoria Total:2090180608 Memoria Libre: 333467648 PID:477 COMMAND:upstart-socket-bridge ARGUMENTS:--daemon
 Carga Cpu:1.220703125 Tiempo [ms]:31562 Memoria Total:2090180608 Memoria Libre: 333467648 PID:839 COMMAND:upstart-file-bridge ARGUMENTS:--daemon
 Carga Cpu:1.220703125 Tiempo [ms]:31562 Memoria Total:2090180608 Memoria Libre: 333467648 PID:1119 COMMAND:/usr/sbin/cups-browsed ARGUMENTS:
 Carga Cpu:1.220703125 Tiempo [ms]:31562 Memoria Total:2090180608 Memoria Libre: 333467648 PID:1166 COMMAND:whoopsie ARGUMENTS:
 Carga Cpu:1.220703125 Tiempo [ms]:31562 Memoria Total:2090180608 Memoria Libre: 333467648 PID:1599 COMMAND:/usr/sbin/kerneloops ARGUMENTS:
 Carga Cpu:1.220703125 Tiempo [ms]:31562 Memoria Total:2090180608 Memoria Libre: 333467648 PID:2452 COMMAND:/usr/sbin/cupsd ARGUMENTS:-f
 Carga Cpu:1.220703125 Tiempo [ms]:31562 Memoria Total:2090180608 Memoria Libre: 333467648 PID:2455 COMMAND:/usr/lib/cups/notifier/dbus ARGUMENTS:dbus://
 Carga Cpu:1.220703125 Tiempo [ms]:31562 Memoria Total:2090180608 Memoria Libre: 333467648 PID:2456 COMMAND:/usr/lib/cups/notifier/dbus ARGUMENTS:dbus://
 Carga Cpu:1.220703125 Tiempo [ms]:31562 Memoria Total:2090180608 Memoria Libre: 333467648 PID:4082 COMMAND:upstart-event-bridge ARGUMENTS:
 Carga Cpu:1.220703125 Tiempo [ms]:31562 Memoria Total:2090180608 Memoria Libre: 333467648 PID:4104 COMMAND:upstart-dbus-bridge ARGUMENTS:--daemon,--session,--user,--bus-name,session
 Carga Cpu:1.220703125 Tiempo [ms]:31562 Memoria Total:2090180608 Memoria Libre: 333467648 PID:4125 COMMAND:upstart-dbus-bridge ARGUMENTS:--daemon,--system,--user,--bus-name,system
 Carga Cpu:1.220703125 Tiempo [ms]:31562 Memoria Total:2090180608 Memoria Libre: 333467648 PID:4127 COMMAND:upstart-file-bridge ARGUMENTS:--daemon,--user
 Carga Cpu:1.220703125 Tiempo [ms]:31562 Memoria Total:2090180608 Memoria Libre: 333467648 PID:12823 COMMAND:ps ARGUMENTS:-aux
 Carga Cpu:1.220703125 Tiempo [ms]:31562 Memoria Total:2090180608 Memoria Libre: 333467648 PID:12824 COMMAND:ps ARGUMENTS:-aux
 Carga Cpu:1.279296875 Tiempo [ms]:31572 Memoria Total:2090180608 Memoria Libre: 303210496 PID:144 COMMAND:[kpsmoused] ARGUMENTS:
 Carga Cpu:1.279296875 Tiempo [ms]:31572 Memoria Total:2090180608 Memoria Libre: 303210496 PID:307 COMMAND:upstart-udev-bridge ARGUMENTS:--daemon
 Carga Cpu:1.279296875 Tiempo [ms]:31572 Memoria Total:2090180608 Memoria Libre: 303210496 PID:477 COMMAND:upstart-socket-bridge ARGUMENTS:--daemon
 Carga Cpu:1.279296875 Tiempo [ms]:31572 Memoria Total:2090180608 Memoria Libre: 303210496 PID:839 COMMAND:upstart-file-bridge ARGUMENTS:--daemon
 Carga Cpu:1.279296875 Tiempo [ms]:31572 Memoria Total:2090180608 Memoria Libre: 303210496 PID:1119 COMMAND:/usr/sbin/cups-browsed ARGUMENTS:
 Carga Cpu:1.279296875 Tiempo [ms]:31572 Memoria Total:2090180608 Memoria Libre: 303210496 PID:1166 COMMAND:whoopsie ARGUMENTS:
 Carga Cpu:1.279296875 Tiempo [ms]:31572 Memoria Total:2090180608 Memoria Libre: 303210496 PID:1599 COMMAND:/usr/sbin/kerneloops ARGUMENTS:
 Carga Cpu:1.279296875 Tiempo [ms]:31572 Memoria Total:2090180608 Memoria Libre: 303210496 PID:2452 COMMAND:/usr/sbin/cupsd ARGUMENTS:-f
 Carga Cpu:1.279296875 Tiempo [ms]:31572 Memoria Total:2090180608 Memoria Libre: 303210496 PID:2455 COMMAND:/usr/lib/cups/notifier/dbus ARGUMENTS:dbus://
 Carga Cpu:1.279296875 Tiempo [ms]:31572 Memoria Total:2090180608 Memoria Libre: 303210496 PID:2456 COMMAND:/usr/lib/cups/notifier/dbus ARGUMENTS:dbus://
 Carga Cpu:1.279296875 Tiempo [ms]:31572 Memoria Total:2090180608 Memoria Libre: 303210496 PID:4082 COMMAND:upstart-event-bridge ARGUMENTS:
 Carga Cpu:1.279296875 Tiempo [ms]:31572 Memoria Total:2090180608 Memoria Libre: 303210496 PID:4104 COMMAND:upstart-dbus-bridge ARGUMENTS:--daemon,--session,--user,--bus-name,session
 Carga Cpu:1.279296875 Tiempo [ms]:31572 Memoria Total:2090180608 Memoria Libre: 303210496 PID:4125 COMMAND:upstart-dbus-bridge ARGUMENTS:--daemon,--system,--user,--bus-name,system
 Carga Cpu:1.279296875 Tiempo [ms]:31572 Memoria Total:2090180608 Memoria Libre: 303210496 PID:4127 COMMAND:upstart-file-bridge ARGUMENTS:--daemon,--user
 Carga Cpu:1.279296875 Tiempo [ms]:31572 Memoria Total:2090180608 Memoria Libre: 303210496 PID:12831 COMMAND:ps ARGUMENTS:-aux
 Carga Cpu:1.30322265625 Tiempo [ms]:31583 Memoria Total:2090180608 Memoria Libre: 290504704 PID:144 COMMAND:[kpsmoused] ARGUMENTS:
 Carga Cpu:1.30322265625 Tiempo [ms]:31583 Memoria Total:2090180608 Memoria Libre: 290504704 PID:307 COMMAND:upstart-udev-bridge ARGUMENTS:--daemon
 Carga Cpu:1.30322265625 Tiempo [ms]:31583 Memoria Total:2090180608 Memoria Libre: 290504704 PID:477 COMMAND:upstart-socket-bridge ARGUMENTS:--daemon
 Carga Cpu:1.30322265625 Tiempo [ms]:31583 Memoria Total:2090180608 Memoria Libre: 290504704 PID:839 COMMAND:upstart-file-bridge ARGUMENTS:--daemon
 Carga Cpu:1.30322265625 Tiempo [ms]:31583 Memoria Total:2090180608 Memoria Libre: 290504704 PID:1119 COMMAND:/usr/sbin/cups-browsed ARGUMENTS:
 Carga Cpu:1.30322265625 Tiempo [ms]:31583 Memoria Total:2090180608 Memoria Libre: 290504704 PID:1166 COMMAND:whoopsie ARGUMENTS:
 Carga Cpu:1.30322265625 Tiempo [ms]:31583 Memoria Total:2090180608 Memoria Libre: 290504704 PID:1599 COMMAND:/usr/sbin/kerneloops ARGUMENTS:
 Carga Cpu:1.30322265625 Tiempo [ms]:31583 Memoria Total:2090180608 Memoria Libre: 290504704 PID:2452 COMMAND:/usr/sbin/cupsd ARGUMENTS:-f
 Carga Cpu:1.30322265625 Tiempo [ms]:31583 Memoria Total:2090180608 Memoria Libre: 290504704 PID:2455 COMMAND:/usr/lib/cups/notifier/dbus ARGUMENTS:dbus://
 Carga Cpu:1.30322265625 Tiempo [ms]:31583 Memoria Total:2090180608 Memoria Libre: 290504704 PID:2456 COMMAND:/usr/lib/cups/notifier/dbus ARGUMENTS:dbus://
 Carga Cpu:1.30322265625 Tiempo [ms]:31583 Memoria Total:2090180608 Memoria Libre: 290504704 PID:4082 COMMAND:upstart-event-bridge ARGUMENTS:
 Carga Cpu:1.30322265625 Tiempo [ms]:31583 Memoria Total:2090180608 Memoria Libre: 290504704 PID:4104 COMMAND:upstart-dbus-bridge ARGUMENTS:--daemon,--session,--user,--bus-name,session
 Carga Cpu:1.30322265625 Tiempo [ms]:31583 Memoria Total:2090180608 Memoria Libre: 290504704 PID:4125 COMMAND:upstart-dbus-bridge ARGUMENTS:--daemon,--system,--user,--bus-name,system
 Carga Cpu:1.30322265625 Tiempo [ms]:31583 Memoria Total:2090180608 Memoria Libre: 290504704 PID:4127 COMMAND:upstart-file-bridge ARGUMENTS:--daemon,--user
 Carga Cpu:1.30322265625 Tiempo [ms]:31583 Memoria Total:2090180608 Memoria Libre: 290504704 PID:12837 COMMAND:ps ARGUMENTS:-aux
 Carga Cpu:1.39208984375 Tiempo [ms]:31593 Memoria Total:2090180608 Memoria Libre: 283955200 PID:144 COMMAND:[kpsmoused] ARGUMENTS:
 Carga Cpu:1.39208984375 Tiempo [ms]:31593 Memoria Total:2090180608 Memoria Libre: 283955200 PID:307 COMMAND:upstart-udev-bridge ARGUMENTS:--daemon
 Carga Cpu:1.39208984375 Tiempo [ms]:31593 Memoria Total:2090180608 Memoria Libre: 283955200 PID:477 COMMAND:upstart-socket-bridge ARGUMENTS:--daemon
 Carga Cpu:1.39208984375 Tiempo [ms]:31593 Memoria Total:2090180608 Memoria Libre: 283955200 PID:839 COMMAND:upstart-file-bridge ARGUMENTS:--daemon
 Carga Cpu:1.39208984375 Tiempo [ms]:31593 Memoria Total:2090180608 Memoria Libre: 283955200 PID:1119 COMMAND:/usr/sbin/cups-browsed ARGUMENTS:
 Carga Cpu:1.39208984375 Tiempo [ms]:31593 Memoria Total:2090180608 Memoria Libre: 283955200 PID:1166 COMMAND:whoopsie ARGUMENTS:
 Carga Cpu:1.39208984375 Tiempo [ms]:31593 Memoria Total:2090180608 Memoria Libre: 283955200 PID:1599 COMMAND:/usr/sbin/kerneloops ARGUMENTS:
 Carga Cpu:1.39208984375 Tiempo [ms]:31593 Memoria Total:2090180608 Memoria Libre: 283955200 PID:2452 COMMAND:/usr/sbin/cupsd ARGUMENTS:-f
 Carga Cpu:1.39208984375 Tiempo [ms]:31593 Memoria Total:2090180608 Memoria Libre: 283955200 PID:2455 COMMAND:/usr/lib/cups/notifier/dbus ARGUMENTS:dbus://
 Carga Cpu:1.39208984375 Tiempo [ms]:31593 Memoria Total:2090180608 Memoria Libre: 283955200 PID:2456 COMMAND:/usr/lib/cups/notifier/dbus ARGUMENTS:dbus://
 Carga Cpu:1.39208984375 Tiempo [ms]:31593 Memoria Total:2090180608 Memoria Libre: 283955200 PID:4082 COMMAND:upstart-event-bridge ARGUMENTS:
 Carga Cpu:1.39208984375 Tiempo [ms]:31593 Memoria Total:2090180608 Memoria Libre: 283955200 PID:4104 COMMAND:upstart-dbus-bridge ARGUMENTS:--daemon,--session,--user,--bus-name,session
 Carga Cpu:1.39208984375 Tiempo [ms]:31593 Memoria Total:2090180608 Memoria Libre: 283955200 PID:4125 COMMAND:upstart-dbus-bridge ARGUMENTS:--daemon,--system,--user,--bus-name,system
 Carga Cpu:1.39208984375 Tiempo [ms]:31593 Memoria Total:2090180608 Memoria Libre: 283955200 PID:4127 COMMAND:upstart-file-bridge ARGUMENTS:--daemon,--user
 Carga Cpu:1.39208984375 Tiempo [ms]:31593 Memoria Total:2090180608 Memoria Libre: 283955200 PID:12843 COMMAND:ps ARGUMENTS:-aux
 Carga Cpu:1.4453125 Tiempo [ms]:31603 Memoria Total:2090180608 Memoria Libre: 260808704 PID:144 COMMAND:[kpsmoused] ARGUMENTS:
 Carga Cpu:1.4453125 Tiempo [ms]:31603 Memoria Total:2090180608 Memoria Libre: 260808704 PID:307 COMMAND:upstart-udev-bridge ARGUMENTS:--daemon
 Carga Cpu:1.4453125 Tiempo [ms]:31603 Memoria Total:2090180608 Memoria Libre: 260808704 PID:477 COMMAND:upstart-socket-bridge ARGUMENTS:--daemon
 Carga Cpu:1.4453125 Tiempo [ms]:31603 Memoria Total:2090180608 Memoria Libre: 260808704 PID:839 COMMAND:upstart-file-bridge ARGUMENTS:--daemon
 Carga Cpu:1.4453125 Tiempo [ms]:31603 Memoria Total:2090180608 Memoria Libre: 260808704 PID:1119 COMMAND:/usr/sbin/cups-browsed ARGUMENTS:
 Carga Cpu:1.4453125 Tiempo [ms]:31603 Memoria Total:2090180608 Memoria Libre: 260808704 PID:1166 COMMAND:whoopsie ARGUMENTS:
 Carga Cpu:1.4453125 Tiempo [ms]:31603 Memoria Total:2090180608 Memoria Libre: 260808704 PID:1599 COMMAND:/usr/sbin/kerneloops ARGUMENTS:
 Carga Cpu:1.4453125 Tiempo [ms]:31603 Memoria Total:2090180608 Memoria Libre: 260808704 PID:2452 COMMAND:/usr/sbin/cupsd ARGUMENTS:-f
 Carga Cpu:1.4453125 Tiempo [ms]:31603 Memoria Total:2090180608 Memoria Libre: 260808704 PID:2455 COMMAND:/usr/lib/cups/notifier/dbus ARGUMENTS:dbus://
 Carga Cpu:1.4453125 Tiempo [ms]:31603 Memoria Total:2090180608 Memoria Libre: 260808704 PID:2456 COMMAND:/usr/lib/cups/notifier/dbus ARGUMENTS:dbus://
 Carga Cpu:1.4453125 Tiempo [ms]:31603 Memoria Total:2090180608 Memoria Libre: 260808704 PID:4082 COMMAND:upstart-event-bridge ARGUMENTS:
 Carga Cpu:1.4453125 Tiempo [ms]:31603 Memoria Total:2090180608 Memoria Libre: 260808704 PID:4104 COMMAND:upstart-dbus-bridge ARGUMENTS:--daemon,--session,--user,--bus-name,session
 Carga Cpu:1.4453125 Tiempo [ms]:31603 Memoria Total:2090180608 Memoria Libre: 260808704 PID:4125 COMMAND:upstart-dbus-bridge ARGUMENTS:--daemon,--system,--user,--bus-name,system
 Carga Cpu:1.4453125 Tiempo [ms]:31603 Memoria Total:2090180608 Memoria Libre: 260808704 PID:4127 COMMAND:upstart-file-bridge ARGUMENTS:--daemon,--user
 Carga Cpu:1.4453125 Tiempo [ms]:31603 Memoria Total:2090180608 Memoria Libre: 260808704 PID:12849 COMMAND:ps ARGUMENTS:-aux
 Carga Cpu:1.47998046875 Tiempo [ms]:31613 Memoria Total:2090180608 Memoria Libre: 217817088 PID:144 COMMAND:[kpsmoused] ARGUMENTS:
 Carga Cpu:1.47998046875 Tiempo [ms]:31613 Memoria Total:2090180608 Memoria Libre: 217817088 PID:307 COMMAND:upstart-udev-bridge ARGUMENTS:--daemon
 Carga Cpu:1.47998046875 Tiempo [ms]:31613 Memoria Total:2090180608 Memoria Libre: 217817088 PID:477 COMMAND:upstart-socket-bridge ARGUMENTS:--daemon
 Carga Cpu:1.47998046875 Tiempo [ms]:31613 Memoria Total:2090180608 Memoria Libre: 217817088 PID:839 COMMAND:upstart-file-bridge ARGUMENTS:--daemon
 Carga Cpu:1.47998046875 Tiempo [ms]:31613 Memoria Total:2090180608 Memoria Libre: 217817088 PID:1119 COMMAND:/usr/sbin/cups-browsed ARGUMENTS:
 Carga Cpu:1.47998046875 Tiempo [ms]:31613 Memoria Total:2090180608 Memoria Libre: 217817088 PID:1166 COMMAND:whoopsie ARGUMENTS:
 Carga Cpu:1.47998046875 Tiempo [ms]:31613 Memoria Total:2090180608 Memoria Libre: 217817088 PID:1599 COMMAND:/usr/sbin/kerneloops ARGUMENTS:
 Carga Cpu:1.47998046875 Tiempo [ms]:31613 Memoria Total:2090180608 Memoria Libre: 217817088 PID:2452 COMMAND:/usr/sbin/cupsd ARGUMENTS:-f
 Carga Cpu:1.47998046875 Tiempo [ms]:31613 Memoria Total:2090180608 Memoria Libre: 217817088 PID:2455 COMMAND:/usr/lib/cups/notifier/dbus ARGUMENTS:dbus://
 Carga Cpu:1.47998046875 Tiempo [ms]:31613 Memoria Total:2090180608 Memoria Libre: 217817088 PID:2456 COMMAND:/usr/lib/cups/notifier/dbus ARGUMENTS:dbus://
 Carga Cpu:1.47998046875 Tiempo [ms]:31613 Memoria Total:2090180608 Memoria Libre: 217817088 PID:4082 COMMAND:upstart-event-bridge ARGUMENTS:
 Carga Cpu:1.47998046875 Tiempo [ms]:31613 Memoria Total:2090180608 Memoria Libre: 217817088 PID:4104 COMMAND:upstart-dbus-bridge ARGUMENTS:--daemon,--session,--user,--bus-name,session
 Carga Cpu:1.47998046875 Tiempo [ms]:31613 Memoria Total:2090180608 Memoria Libre: 217817088 PID:4125 COMMAND:upstart-dbus-bridge ARGUMENTS:--daemon,--system,--user,--bus-name,system
 Carga Cpu:1.47998046875 Tiempo [ms]:31613 Memoria Total:2090180608 Memoria Libre: 217817088 PID:4127 COMMAND:upstart-file-bridge ARGUMENTS:--daemon,--user
 Carga Cpu:1.47998046875 Tiempo [ms]:31613 Memoria Total:2090180608 Memoria Libre: 217817088 PID:12855 COMMAND:ps ARGUMENTS:-aux
 Carga Cpu:1.4970703125 Tiempo [ms]:31623 Memoria Total:2090180608 Memoria Libre: 214568960 PID:144 COMMAND:[kpsmoused] ARGUMENTS:
 Carga Cpu:1.4970703125 Tiempo [ms]:31623 Memoria Total:2090180608 Memoria Libre: 214568960 PID:307 COMMAND:upstart-udev-bridge ARGUMENTS:--daemon
 Carga Cpu:1.4970703125 Tiempo [ms]:31623 Memoria Total:2090180608 Memoria Libre: 214568960 PID:477 COMMAND:upstart-socket-bridge ARGUMENTS:--daemon
 Carga Cpu:1.4970703125 Tiempo [ms]:31623 Memoria Total:2090180608 Memoria Libre: 214568960 PID:839 COMMAND:upstart-file-bridge ARGUMENTS:--daemon
 Carga Cpu:1.4970703125 Tiempo [ms]:31623 Memoria Total:2090180608 Memoria Libre: 214568960 PID:1119 COMMAND:/usr/sbin/cups-browsed ARGUMENTS:
 Carga Cpu:1.4970703125 Tiempo [ms]:31623 Memoria Total:2090180608 Memoria Libre: 214568960 PID:1166 COMMAND:whoopsie ARGUMENTS:
 Carga Cpu:1.4970703125 Tiempo [ms]:31623 Memoria Total:2090180608 Memoria Libre: 214568960 PID:1599 COMMAND:/usr/sbin/kerneloops ARGUMENTS:
 Carga Cpu:1.4970703125 Tiempo [ms]:31623 Memoria Total:2090180608 Memoria Libre: 214568960 PID:2452 COMMAND:/usr/sbin/cupsd ARGUMENTS:-f
 Carga Cpu:1.4970703125 Tiempo [ms]:31623 Memoria Total:2090180608 Memoria Libre: 214568960 PID:2455 COMMAND:/usr/lib/cups/notifier/dbus ARGUMENTS:dbus://
 Carga Cpu:1.4970703125 Tiempo [ms]:31623 Memoria Total:2090180608 Memoria Libre: 214568960 PID:2456 COMMAND:/usr/lib/cups/notifier/dbus ARGUMENTS:dbus://
 Carga Cpu:1.4970703125 Tiempo [ms]:31623 Memoria Total:2090180608 Memoria Libre: 214568960 PID:4082 COMMAND:upstart-event-bridge ARGUMENTS:
 Carga Cpu:1.4970703125 Tiempo [ms]:31623 Memoria Total:2090180608 Memoria Libre: 214568960 PID:4104 COMMAND:upstart-dbus-bridge ARGUMENTS:--daemon,--session,--user,--bus-name,session
 Carga Cpu:1.4970703125 Tiempo [ms]:31623 Memoria Total:2090180608 Memoria Libre: 214568960 PID:4125 COMMAND:upstart-dbus-bridge ARGUMENTS:--daemon,--system,--user,--bus-name,system
 Carga Cpu:1.4970703125 Tiempo [ms]:31623 Memoria Total:2090180608 Memoria Libre: 214568960 PID:4127 COMMAND:upstart-file-bridge ARGUMENTS:--daemon,--user
 Carga Cpu:1.4970703125 Tiempo [ms]:31623 Memoria Total:2090180608 Memoria Libre: 214568960 PID:12862 COMMAND:ps ARGUMENTS:-aux
 Carga Cpu:1.59619140625 Tiempo [ms]:31633 Memoria Total:2090180608 Memoria Libre: 189153280 PID:144 COMMAND:[kpsmoused] ARGUMENTS:
 Carga Cpu:1.59619140625 Tiempo [ms]:31633 Memoria Total:2090180608 Memoria Libre: 189153280 PID:307 COMMAND:upstart-udev-bridge ARGUMENTS:--daemon
 Carga Cpu:1.59619140625 Tiempo [ms]:31633 Memoria Total:2090180608 Memoria Libre: 189153280 PID:477 COMMAND:upstart-socket-bridge ARGUMENTS:--daemon
 Carga Cpu:1.59619140625 Tiempo [ms]:31633 Memoria Total:2090180608 Memoria Libre: 189153280 PID:839 COMMAND:upstart-file-bridge ARGUMENTS:--daemon
 Carga Cpu:1.59619140625 Tiempo [ms]:31633 Memoria Total:2090180608 Memoria Libre: 189153280 PID:1119 COMMAND:/usr/sbin/cups-browsed ARGUMENTS:
 Carga Cpu:1.59619140625 Tiempo [ms]:31633 Memoria Total:2090180608 Memoria Libre: 189153280 PID:1166 COMMAND:whoopsie ARGUMENTS:
 Carga Cpu:1.59619140625 Tiempo [ms]:31633 Memoria Total:2090180608 Memoria Libre: 189153280 PID:1599 COMMAND:/usr/sbin/kerneloops ARGUMENTS:
 Carga Cpu:1.59619140625 Tiempo [ms]:31633 Memoria Total:2090180608 Memoria Libre: 189153280 PID:2452 COMMAND:/usr/sbin/cupsd ARGUMENTS:-f
 Carga Cpu:1.59619140625 Tiempo [ms]:31633 Memoria Total:2090180608 Memoria Libre: 189153280 PID:2455 COMMAND:/usr/lib/cups/notifier/dbus ARGUMENTS:dbus://
 Carga Cpu:1.59619140625 Tiempo [ms]:31633 Memoria Total:2090180608 Memoria Libre: 189153280 PID:2456 COMMAND:/usr/lib/cups/notifier/dbus ARGUMENTS:dbus://
 Carga Cpu:1.59619140625 Tiempo [ms]:31633 Memoria Total:2090180608 Memoria Libre: 189153280 PID:4082 COMMAND:upstart-event-bridge ARGUMENTS:
 Carga Cpu:1.59619140625 Tiempo [ms]:31633 Memoria Total:2090180608 Memoria Libre: 189153280 PID:4104 COMMAND:upstart-dbus-bridge ARGUMENTS:--daemon,--session,--user,--bus-name,session
 Carga Cpu:1.59619140625 Tiempo [ms]:31633 Memoria Total:2090180608 Memoria Libre: 189153280 PID:4125 COMMAND:upstart-dbus-bridge ARGUMENTS:--daemon,--system,--user,--bus-name,system
 Carga Cpu:1.59619140625 Tiempo [ms]:31633 Memoria Total:2090180608 Memoria Libre: 189153280 PID:4127 COMMAND:upstart-file-bridge ARGUMENTS:--daemon,--user
 Carga Cpu:1.59619140625 Tiempo [ms]:31633 Memoria Total:2090180608 Memoria Libre: 189153280 PID:12869 COMMAND:ps ARGUMENTS:-aux
 Carga Cpu:1.609375 Tiempo [ms]:31643 Memoria Total:2090180608 Memoria Libre: 164618240 PID:144 COMMAND:[kpsmoused] ARGUMENTS:
 Carga Cpu:1.609375 Tiempo [ms]:31643 Memoria Total:2090180608 Memoria Libre: 164618240 PID:307 COMMAND:upstart-udev-bridge ARGUMENTS:--daemon
 Carga Cpu:1.609375 Tiempo [ms]:31643 Memoria Total:2090180608 Memoria Libre: 164618240 PID:477 COMMAND:upstart-socket-bridge ARGUMENTS:--daemon
 Carga Cpu:1.609375 Tiempo [ms]:31643 Memoria Total:2090180608 Memoria Libre: 164618240 PID:839 COMMAND:upstart-file-bridge ARGUMENTS:--daemon
 Carga Cpu:1.609375 Tiempo [ms]:31643 Memoria Total:2090180608 Memoria Libre: 164618240 PID:1119 COMMAND:/usr/sbin/cups-browsed ARGUMENTS:
 Carga Cpu:1.609375 Tiempo [ms]:31643 Memoria Total:2090180608 Memoria Libre: 164618240 PID:1166 COMMAND:whoopsie ARGUMENTS:
 Carga Cpu:1.609375 Tiempo [ms]:31643 Memoria Total:2090180608 Memoria Libre: 164618240 PID:1599 COMMAND:/usr/sbin/kerneloops ARGUMENTS:
 Carga Cpu:1.609375 Tiempo [ms]:31643 Memoria Total:2090180608 Memoria Libre: 164618240 PID:2452 COMMAND:/usr/sbin/cupsd ARGUMENTS:-f
 Carga Cpu:1.609375 Tiempo [ms]:31643 Memoria Total:2090180608 Memoria Libre: 164618240 PID:2455 COMMAND:/usr/lib/cups/notifier/dbus ARGUMENTS:dbus://
 Carga Cpu:1.609375 Tiempo [ms]:31643 Memoria Total:2090180608 Memoria Libre: 164618240 PID:2456 COMMAND:/usr/lib/cups/notifier/dbus ARGUMENTS:dbus://
 Carga Cpu:1.609375 Tiempo [ms]:31643 Memoria Total:2090180608 Memoria Libre: 164618240 PID:4082 COMMAND:upstart-event-bridge ARGUMENTS:
 Carga Cpu:1.609375 Tiempo [ms]:31643 Memoria Total:2090180608 Memoria Libre: 164618240 PID:4104 COMMAND:upstart-dbus-bridge ARGUMENTS:--daemon,--session,--user,--bus-name,session
 Carga Cpu:1.609375 Tiempo [ms]:31643 Memoria Total:2090180608 Memoria Libre: 164618240 PID:4125 COMMAND:upstart-dbus-bridge ARGUMENTS:--daemon,--system,--user,--bus-name,system
 Carga Cpu:1.609375 Tiempo [ms]:31643 Memoria Total:2090180608 Memoria Libre: 164618240 PID:4127 COMMAND:upstart-file-bridge ARGUMENTS:--daemon,--user
 Carga Cpu:1.609375 Tiempo [ms]:31643 Memoria Total:2090180608 Memoria Libre: 164618240 PID:12875 COMMAND:ps ARGUMENTS:-aux
 Carga Cpu:1.65478515625 Tiempo [ms]:31653 Memoria Total:2090180608 Memoria Libre: 160194560 PID:144 COMMAND:[kpsmoused] ARGUMENTS:
 Carga Cpu:1.65478515625 Tiempo [ms]:31653 Memoria Total:2090180608 Memoria Libre: 160194560 PID:307 COMMAND:upstart-udev-bridge ARGUMENTS:--daemon
 Carga Cpu:1.65478515625 Tiempo [ms]:31653 Memoria Total:2090180608 Memoria Libre: 160194560 PID:477 COMMAND:upstart-socket-bridge ARGUMENTS:--daemon
 Carga Cpu:1.65478515625 Tiempo [ms]:31653 Memoria Total:2090180608 Memoria Libre: 160194560 PID:839 COMMAND:upstart-file-bridge ARGUMENTS:--daemon
 Carga Cpu:1.65478515625 Tiempo [ms]:31653 Memoria Total:2090180608 Memoria Libre: 160194560 PID:1119 COMMAND:/usr/sbin/cups-browsed ARGUMENTS:
 Carga Cpu:1.65478515625 Tiempo [ms]:31653 Memoria Total:2090180608 Memoria Libre: 160194560 PID:1166 COMMAND:whoopsie ARGUMENTS:
 Carga Cpu:1.65478515625 Tiempo [ms]:31653 Memoria Total:2090180608 Memoria Libre: 160194560 PID:1599 COMMAND:/usr/sbin/kerneloops ARGUMENTS:
 Carga Cpu:1.65478515625 Tiempo [ms]:31653 Memoria Total:2090180608 Memoria Libre: 160194560 PID:2452 COMMAND:/usr/sbin/cupsd ARGUMENTS:-f
 Carga Cpu:1.65478515625 Tiempo [ms]:31653 Memoria Total:2090180608 Memoria Libre: 160194560 PID:2455 COMMAND:/usr/lib/cups/notifier/dbus ARGUMENTS:dbus://
 Carga Cpu:1.65478515625 Tiempo [ms]:31653 Memoria Total:2090180608 Memoria Libre: 160194560 PID:2456 COMMAND:/usr/lib/cups/notifier/dbus ARGUMENTS:dbus://
 Carga Cpu:1.65478515625 Tiempo [ms]:31653 Memoria Total:2090180608 Memoria Libre: 160194560 PID:4082 COMMAND:upstart-event-bridge ARGUMENTS:
 Carga Cpu:1.65478515625 Tiempo [ms]:31653 Memoria Total:2090180608 Memoria Libre: 160194560 PID:4104 COMMAND:upstart-dbus-bridge ARGUMENTS:--daemon,--session,--user,--bus-name,session
 Carga Cpu:1.65478515625 Tiempo [ms]:31653 Memoria Total:2090180608 Memoria Libre: 160194560 PID:4125 COMMAND:upstart-dbus-bridge ARGUMENTS:--daemon,--system,--user,--bus-name,system
 Carga Cpu:1.65478515625 Tiempo [ms]:31653 Memoria Total:2090180608 Memoria Libre: 160194560 PID:4127 COMMAND:upstart-file-bridge ARGUMENTS:--daemon,--user
 Carga Cpu:1.65478515625 Tiempo [ms]:31653 Memoria Total:2090180608 Memoria Libre: 160194560 PID:12881 COMMAND:ps ARGUMENTS:-aux
 Carga Cpu:1.69970703125 Tiempo [ms]:31663 Memoria Total:2090180608 Memoria Libre: 151171072 PID:144 COMMAND:[kpsmoused] ARGUMENTS:
 Carga Cpu:1.69970703125 Tiempo [ms]:31663 Memoria Total:2090180608 Memoria Libre: 151171072 PID:307 COMMAND:upstart-udev-bridge ARGUMENTS:--daemon
 Carga Cpu:1.69970703125 Tiempo [ms]:31663 Memoria Total:2090180608 Memoria Libre: 151171072 PID:477 COMMAND:upstart-socket-bridge ARGUMENTS:--daemon
 Carga Cpu:1.69970703125 Tiempo [ms]:31663 Memoria Total:2090180608 Memoria Libre: 151171072 PID:839 COMMAND:upstart-file-bridge ARGUMENTS:--daemon
 Carga Cpu:1.69970703125 Tiempo [ms]:31663 Memoria Total:2090180608 Memoria Libre: 151171072 PID:1119 COMMAND:/usr/sbin/cups-browsed ARGUMENTS:
 Carga Cpu:1.69970703125 Tiempo [ms]:31663 Memoria Total:2090180608 Memoria Libre: 151171072 PID:1166 COMMAND:whoopsie ARGUMENTS:
 Carga Cpu:1.69970703125 Tiempo [ms]:31663 Memoria Total:2090180608 Memoria Libre: 151171072 PID:1599 COMMAND:/usr/sbin/kerneloops ARGUMENTS:
 Carga Cpu:1.69970703125 Tiempo [ms]:31663 Memoria Total:2090180608 Memoria Libre: 151171072 PID:2452 COMMAND:/usr/sbin/cupsd ARGUMENTS:-f
 Carga Cpu:1.69970703125 Tiempo [ms]:31663 Memoria Total:2090180608 Memoria Libre: 151171072 PID:2455 COMMAND:/usr/lib/cups/notifier/dbus ARGUMENTS:dbus://
 Carga Cpu:1.69970703125 Tiempo [ms]:31663 Memoria Total:2090180608 Memoria Libre: 151171072 PID:2456 COMMAND:/usr/lib/cups/notifier/dbus ARGUMENTS:dbus://
 Carga Cpu:1.69970703125 Tiempo [ms]:31663 Memoria Total:2090180608 Memoria Libre: 151171072 PID:4082 COMMAND:upstart-event-bridge ARGUMENTS:
 Carga Cpu:1.69970703125 Tiempo [ms]:31663 Memoria Total:2090180608 Memoria Libre: 151171072 PID:4104 COMMAND:upstart-dbus-bridge ARGUMENTS:--daemon,--session,--user,--bus-name,session
 Carga Cpu:1.69970703125 Tiempo [ms]:31663 Memoria Total:2090180608 Memoria Libre: 151171072 PID:4125 COMMAND:upstart-dbus-bridge ARGUMENTS:--daemon,--system,--user,--bus-name,system
 Carga Cpu:1.69970703125 Tiempo [ms]:31663 Memoria Total:2090180608 Memoria Libre: 151171072 PID:4127 COMMAND:upstart-file-bridge ARGUMENTS:--daemon,--user
 Carga Cpu:1.69970703125 Tiempo [ms]:31663 Memoria Total:2090180608 Memoria Libre: 151171072 PID:12887 COMMAND:ps ARGUMENTS:-aux
 Carga Cpu:1.7255859375 Tiempo [ms]:31673 Memoria Total:2090180608 Memoria Libre: 131358720 PID:144 COMMAND:[kpsmoused] ARGUMENTS:
 Carga Cpu:1.7255859375 Tiempo [ms]:31673 Memoria Total:2090180608 Memoria Libre: 131358720 PID:307 COMMAND:upstart-udev-bridge ARGUMENTS:--daemon
 Carga Cpu:1.7255859375 Tiempo [ms]:31673 Memoria Total:2090180608 Memoria Libre: 131358720 PID:477 COMMAND:upstart-socket-bridge ARGUMENTS:--daemon
 Carga Cpu:1.7255859375 Tiempo [ms]:31673 Memoria Total:2090180608 Memoria Libre: 131358720 PID:839 COMMAND:upstart-file-bridge ARGUMENTS:--daemon
 Carga Cpu:1.7255859375 Tiempo [ms]:31673 Memoria Total:2090180608 Memoria Libre: 131358720 PID:1119 COMMAND:/usr/sbin/cups-browsed ARGUMENTS:
 Carga Cpu:1.7255859375 Tiempo [ms]:31673 Memoria Total:2090180608 Memoria Libre: 131358720 PID:1166 COMMAND:whoopsie ARGUMENTS:
 Carga Cpu:1.7255859375 Tiempo [ms]:31673 Memoria Total:2090180608 Memoria Libre: 131358720 PID:1599 COMMAND:/usr/sbin/kerneloops ARGUMENTS:
 Carga Cpu:1.7255859375 Tiempo [ms]:31673 Memoria Total:2090180608 Memoria Libre: 131358720 PID:2452 COMMAND:/usr/sbin/cupsd ARGUMENTS:-f
 Carga Cpu:1.7255859375 Tiempo [ms]:31673 Memoria Total:2090180608 Memoria Libre: 131358720 PID:2455 COMMAND:/usr/lib/cups/notifier/dbus ARGUMENTS:dbus://
 Carga Cpu:1.7255859375 Tiempo [ms]:31673 Memoria Total:2090180608 Memoria Libre: 131358720 PID:2456 COMMAND:/usr/lib/cups/notifier/dbus ARGUMENTS:dbus://
 Carga Cpu:1.7255859375 Tiempo [ms]:31673 Memoria Total:2090180608 Memoria Libre: 131358720 PID:4082 COMMAND:upstart-event-bridge ARGUMENTS:
 Carga Cpu:1.7255859375 Tiempo [ms]:31673 Memoria Total:2090180608 Memoria Libre: 131358720 PID:4104 COMMAND:upstart-dbus-bridge ARGUMENTS:--daemon,--session,--user,--bus-name,session
 Carga Cpu:1.7255859375 Tiempo [ms]:31673 Memoria Total:2090180608 Memoria Libre: 131358720 PID:4125 COMMAND:upstart-dbus-bridge ARGUMENTS:--daemon,--system,--user,--bus-name,system
 Carga Cpu:1.7255859375 Tiempo [ms]:31673 Memoria Total:2090180608 Memoria Libre: 131358720 PID:4127 COMMAND:upstart-file-bridge ARGUMENTS:--daemon,--user
 Carga Cpu:1.7255859375 Tiempo [ms]:31673 Memoria Total:2090180608 Memoria Libre: 131358720 PID:12893 COMMAND:ps ARGUMENTS:-aux
 Carga Cpu:1.7509765625 Tiempo [ms]:31683 Memoria Total:2090180608 Memoria Libre: 119140352 PID:144 COMMAND:[kpsmoused] ARGUMENTS:
 Carga Cpu:1.7509765625 Tiempo [ms]:31683 Memoria Total:2090180608 Memoria Libre: 119140352 PID:307 COMMAND:upstart-udev-bridge ARGUMENTS:--daemon
 Carga Cpu:1.7509765625 Tiempo [ms]:31683 Memoria Total:2090180608 Memoria Libre: 119140352 PID:477 COMMAND:upstart-socket-bridge ARGUMENTS:--daemon
 Carga Cpu:1.7509765625 Tiempo [ms]:31683 Memoria Total:2090180608 Memoria Libre: 119140352 PID:839 COMMAND:upstart-file-bridge ARGUMENTS:--daemon
 Carga Cpu:1.7509765625 Tiempo [ms]:31683 Memoria Total:2090180608 Memoria Libre: 119140352 PID:1119 COMMAND:/usr/sbin/cups-browsed ARGUMENTS:
 Carga Cpu:1.7509765625 Tiempo [ms]:31683 Memoria Total:2090180608 Memoria Libre: 119140352 PID:1166 COMMAND:whoopsie ARGUMENTS:
 Carga Cpu:1.7509765625 Tiempo [ms]:31683 Memoria Total:2090180608 Memoria Libre: 119140352 PID:1599 COMMAND:/usr/sbin/kerneloops ARGUMENTS:
 Carga Cpu:1.7509765625 Tiempo [ms]:31683 Memoria Total:2090180608 Memoria Libre: 119140352 PID:2452 COMMAND:/usr/sbin/cupsd ARGUMENTS:-f
 Carga Cpu:1.7509765625 Tiempo [ms]:31683 Memoria Total:2090180608 Memoria Libre: 119140352 PID:2455 COMMAND:/usr/lib/cups/notifier/dbus ARGUMENTS:dbus://
 Carga Cpu:1.7509765625 Tiempo [ms]:31683 Memoria Total:2090180608 Memoria Libre: 119140352 PID:2456 COMMAND:/usr/lib/cups/notifier/dbus ARGUMENTS:dbus://
 Carga Cpu:1.7509765625 Tiempo [ms]:31683 Memoria Total:2090180608 Memoria Libre: 119140352 PID:4082 COMMAND:upstart-event-bridge ARGUMENTS:
 Carga Cpu:1.7509765625 Tiempo [ms]:31683 Memoria Total:2090180608 Memoria Libre: 119140352 PID:4104 COMMAND:upstart-dbus-bridge ARGUMENTS:--daemon,--session,--user,--bus-name,session
 Carga Cpu:1.7509765625 Tiempo [ms]:31683 Memoria Total:2090180608 Memoria Libre: 119140352 PID:4125 COMMAND:upstart-dbus-bridge ARGUMENTS:--daemon,--system,--user,--bus-name,system
 Carga Cpu:1.7509765625 Tiempo [ms]:31683 Memoria Total:2090180608 Memoria Libre: 119140352 PID:4127 COMMAND:upstart-file-bridge ARGUMENTS:--daemon,--user
 Carga Cpu:1.7509765625 Tiempo [ms]:31683 Memoria Total:2090180608 Memoria Libre: 119140352 PID:12899 COMMAND:ps ARGUMENTS:-aux
 Carga Cpu:1.80859375 Tiempo [ms]:31693 Memoria Total:2090180608 Memoria Libre: 94801920 PID:144 COMMAND:[kpsmoused] ARGUMENTS:
 Carga Cpu:1.80859375 Tiempo [ms]:31693 Memoria Total:2090180608 Memoria Libre: 94801920 PID:307 COMMAND:upstart-udev-bridge ARGUMENTS:--daemon
 Carga Cpu:1.80859375 Tiempo [ms]:31693 Memoria Total:2090180608 Memoria Libre: 94801920 PID:477 COMMAND:upstart-socket-bridge ARGUMENTS:--daemon
 Carga Cpu:1.80859375 Tiempo [ms]:31693 Memoria Total:2090180608 Memoria Libre: 94801920 PID:839 COMMAND:upstart-file-bridge ARGUMENTS:--daemon
 Carga Cpu:1.80859375 Tiempo [ms]:31693 Memoria Total:2090180608 Memoria Libre: 94801920 PID:1119 COMMAND:/usr/sbin/cups-browsed ARGUMENTS:
 Carga Cpu:1.80859375 Tiempo [ms]:31693 Memoria Total:2090180608 Memoria Libre: 94801920 PID:1166 COMMAND:whoopsie ARGUMENTS:
 Carga Cpu:1.80859375 Tiempo [ms]:31693 Memoria Total:2090180608 Memoria Libre: 94801920 PID:1599 COMMAND:/usr/sbin/kerneloops ARGUMENTS:
 Carga Cpu:1.80859375 Tiempo [ms]:31693 Memoria Total:2090180608 Memoria Libre: 94801920 PID:2452 COMMAND:/usr/sbin/cupsd ARGUMENTS:-f
 Carga Cpu:1.80859375 Tiempo [ms]:31693 Memoria Total:2090180608 Memoria Libre: 94801920 PID:2455 COMMAND:/usr/lib/cups/notifier/dbus ARGUMENTS:dbus://
 Carga Cpu:1.80859375 Tiempo [ms]:31693 Memoria Total:2090180608 Memoria Libre: 94801920 PID:2456 COMMAND:/usr/lib/cups/notifier/dbus ARGUMENTS:dbus://
 Carga Cpu:1.80859375 Tiempo [ms]:31693 Memoria Total:2090180608 Memoria Libre: 94801920 PID:4082 COMMAND:upstart-event-bridge ARGUMENTS:
 Carga Cpu:1.80859375 Tiempo [ms]:31693 Memoria Total:2090180608 Memoria Libre: 94801920 PID:4104 COMMAND:upstart-dbus-bridge ARGUMENTS:--daemon,--session,--user,--bus-name,session
 Carga Cpu:1.80859375 Tiempo [ms]:31693 Memoria Total:2090180608 Memoria Libre: 94801920 PID:4125 COMMAND:upstart-dbus-bridge ARGUMENTS:--daemon,--system,--user,--bus-name,system
 Carga Cpu:1.80859375 Tiempo [ms]:31693 Memoria Total:2090180608 Memoria Libre: 94801920 PID:4127 COMMAND:upstart-file-bridge ARGUMENTS:--daemon,--user
 Carga Cpu:1.80859375 Tiempo [ms]:31693 Memoria Total:2090180608 Memoria Libre: 94801920 PID:12906 COMMAND:ps ARGUMENTS:-aux
 Carga Cpu:1.83154296875 Tiempo [ms]:31703 Memoria Total:2090180608 Memoria Libre: 73838592 PID:144 COMMAND:[kpsmoused] ARGUMENTS:
 Carga Cpu:1.83154296875 Tiempo [ms]:31703 Memoria Total:2090180608 Memoria Libre: 73838592 PID:307 COMMAND:upstart-udev-bridge ARGUMENTS:--daemon
 Carga Cpu:1.83154296875 Tiempo [ms]:31703 Memoria Total:2090180608 Memoria Libre: 73838592 PID:477 COMMAND:upstart-socket-bridge ARGUMENTS:--daemon
 Carga Cpu:1.83154296875 Tiempo [ms]:31703 Memoria Total:2090180608 Memoria Libre: 73838592 PID:839 COMMAND:upstart-file-bridge ARGUMENTS:--daemon
 Carga Cpu:1.83154296875 Tiempo [ms]:31703 Memoria Total:2090180608 Memoria Libre: 73838592 PID:1119 COMMAND:/usr/sbin/cups-browsed ARGUMENTS:
 Carga Cpu:1.83154296875 Tiempo [ms]:31703 Memoria Total:2090180608 Memoria Libre: 73838592 PID:1166 COMMAND:whoopsie ARGUMENTS:
 Carga Cpu:1.83154296875 Tiempo [ms]:31703 Memoria Total:2090180608 Memoria Libre: 73838592 PID:1599 COMMAND:/usr/sbin/kerneloops ARGUMENTS:
 Carga Cpu:1.83154296875 Tiempo [ms]:31703 Memoria Total:2090180608 Memoria Libre: 73838592 PID:2452 COMMAND:/usr/sbin/cupsd ARGUMENTS:-f
 Carga Cpu:1.83154296875 Tiempo [ms]:31703 Memoria Total:2090180608 Memoria Libre: 73838592 PID:2455 COMMAND:/usr/lib/cups/notifier/dbus ARGUMENTS:dbus://
 Carga Cpu:1.83154296875 Tiempo [ms]:31703 Memoria Total:2090180608 Memoria Libre: 73838592 PID:2456 COMMAND:/usr/lib/cups/notifier/dbus ARGUMENTS:dbus://
 Carga Cpu:1.83154296875 Tiempo [ms]:31703 Memoria Total:2090180608 Memoria Libre: 73838592 PID:4082 COMMAND:upstart-event-bridge ARGUMENTS:
 Carga Cpu:1.83154296875 Tiempo [ms]:31703 Memoria Total:2090180608 Memoria Libre: 73838592 PID:4104 COMMAND:upstart-dbus-bridge ARGUMENTS:--daemon,--session,--user,--bus-name,session
 Carga Cpu:1.83154296875 Tiempo [ms]:31703 Memoria Total:2090180608 Memoria Libre: 73838592 PID:4125 COMMAND:upstart-dbus-bridge ARGUMENTS:--daemon,--system,--user,--bus-name,system
 Carga Cpu:1.83154296875 Tiempo [ms]:31703 Memoria Total:2090180608 Memoria Libre: 73838592 PID:4127 COMMAND:upstart-file-bridge ARGUMENTS:--daemon,--user
 Carga Cpu:1.83154296875 Tiempo [ms]:31703 Memoria Total:2090180608 Memoria Libre: 73838592 PID:12912 COMMAND:ps ARGUMENTS:-aux
 Carga Cpu:1.83740234375 Tiempo [ms]:31713 Memoria Total:2090180608 Memoria Libre: 66768896 PID:144 COMMAND:[kpsmoused] ARGUMENTS:
 Carga Cpu:1.83740234375 Tiempo [ms]:31713 Memoria Total:2090180608 Memoria Libre: 66768896 PID:307 COMMAND:upstart-udev-bridge ARGUMENTS:--daemon
 Carga Cpu:1.83740234375 Tiempo [ms]:31713 Memoria Total:2090180608 Memoria Libre: 66768896 PID:477 COMMAND:upstart-socket-bridge ARGUMENTS:--daemon
 Carga Cpu:1.83740234375 Tiempo [ms]:31713 Memoria Total:2090180608 Memoria Libre: 66768896 PID:839 COMMAND:upstart-file-bridge ARGUMENTS:--daemon
 Carga Cpu:1.83740234375 Tiempo [ms]:31713 Memoria Total:2090180608 Memoria Libre: 66768896 PID:1119 COMMAND:/usr/sbin/cups-browsed ARGUMENTS:
 Carga Cpu:1.83740234375 Tiempo [ms]:31713 Memoria Total:2090180608 Memoria Libre: 66768896 PID:1166 COMMAND:whoopsie ARGUMENTS:
 Carga Cpu:1.83740234375 Tiempo [ms]:31713 Memoria Total:2090180608 Memoria Libre: 66768896 PID:1599 COMMAND:/usr/sbin/kerneloops ARGUMENTS:
 Carga Cpu:1.83740234375 Tiempo [ms]:31713 Memoria Total:2090180608 Memoria Libre: 66768896 PID:2452 COMMAND:/usr/sbin/cupsd ARGUMENTS:-f
 Carga Cpu:1.83740234375 Tiempo [ms]:31713 Memoria Total:2090180608 Memoria Libre: 66768896 PID:2455 COMMAND:/usr/lib/cups/notifier/dbus ARGUMENTS:dbus://
 Carga Cpu:1.83740234375 Tiempo [ms]:31713 Memoria Total:2090180608 Memoria Libre: 66768896 PID:2456 COMMAND:/usr/lib/cups/notifier/dbus ARGUMENTS:dbus://
 Carga Cpu:1.83740234375 Tiempo [ms]:31713 Memoria Total:2090180608 Memoria Libre: 66768896 PID:4082 COMMAND:upstart-event-bridge ARGUMENTS:
 Carga Cpu:1.83740234375 Tiempo [ms]:31713 Memoria Total:2090180608 Memoria Libre: 66768896 PID:4104 COMMAND:upstart-dbus-bridge ARGUMENTS:--daemon,--session,--user,--bus-name,session
 Carga Cpu:1.83740234375 Tiempo [ms]:31713 Memoria Total:2090180608 Memoria Libre: 66768896 PID:4125 COMMAND:upstart-dbus-bridge ARGUMENTS:--daemon,--system,--user,--bus-name,system
 Carga Cpu:1.83740234375 Tiempo [ms]:31713 Memoria Total:2090180608 Memoria Libre: 66768896 PID:4127 COMMAND:upstart-file-bridge ARGUMENTS:--daemon,--user
 Carga Cpu:1.83740234375 Tiempo [ms]:31713 Memoria Total:2090180608 Memoria Libre: 66768896 PID:12918 COMMAND:ps ARGUMENTS:-aux
 Carga Cpu:1.82666015625 Tiempo [ms]:31723 Memoria Total:2090180608 Memoria Libre: 78168064 PID:144 COMMAND:[kpsmoused] ARGUMENTS:
 Carga Cpu:1.82666015625 Tiempo [ms]:31723 Memoria Total:2090180608 Memoria Libre: 78168064 PID:307 COMMAND:upstart-udev-bridge ARGUMENTS:--daemon
 Carga Cpu:1.82666015625 Tiempo [ms]:31723 Memoria Total:2090180608 Memoria Libre: 78168064 PID:477 COMMAND:upstart-socket-bridge ARGUMENTS:--daemon
 Carga Cpu:1.82666015625 Tiempo [ms]:31723 Memoria Total:2090180608 Memoria Libre: 78168064 PID:839 COMMAND:upstart-file-bridge ARGUMENTS:--daemon
 Carga Cpu:1.82666015625 Tiempo [ms]:31723 Memoria Total:2090180608 Memoria Libre: 78168064 PID:1119 COMMAND:/usr/sbin/cups-browsed ARGUMENTS:
 Carga Cpu:1.82666015625 Tiempo [ms]:31723 Memoria Total:2090180608 Memoria Libre: 78168064 PID:1166 COMMAND:whoopsie ARGUMENTS:
 Carga Cpu:1.82666015625 Tiempo [ms]:31723 Memoria Total:2090180608 Memoria Libre: 78168064 PID:1599 COMMAND:/usr/sbin/kerneloops ARGUMENTS:
 Carga Cpu:1.82666015625 Tiempo [ms]:31723 Memoria Total:2090180608 Memoria Libre: 78168064 PID:2452 COMMAND:/usr/sbin/cupsd ARGUMENTS:-f
 Carga Cpu:1.82666015625 Tiempo [ms]:31723 Memoria Total:2090180608 Memoria Libre: 78168064 PID:2455 COMMAND:/usr/lib/cups/notifier/dbus ARGUMENTS:dbus://
 Carga Cpu:1.82666015625 Tiempo [ms]:31723 Memoria Total:2090180608 Memoria Libre: 78168064 PID:2456 COMMAND:/usr/lib/cups/notifier/dbus ARGUMENTS:dbus://
 Carga Cpu:1.82666015625 Tiempo [ms]:31723 Memoria Total:2090180608 Memoria Libre: 78168064 PID:4082 COMMAND:upstart-event-bridge ARGUMENTS:
 Carga Cpu:1.82666015625 Tiempo [ms]:31723 Memoria Total:2090180608 Memoria Libre: 78168064 PID:4104 COMMAND:upstart-dbus-bridge ARGUMENTS:--daemon,--session,--user,--bus-name,session
 Carga Cpu:1.82666015625 Tiempo [ms]:31723 Memoria Total:2090180608 Memoria Libre: 78168064 PID:4125 COMMAND:upstart-dbus-bridge ARGUMENTS:--daemon,--system,--user,--bus-name,system
 Carga Cpu:1.82666015625 Tiempo [ms]:31723 Memoria Total:2090180608 Memoria Libre: 78168064 PID:4127 COMMAND:upstart-file-bridge ARGUMENTS:--daemon,--user
 Carga Cpu:1.82666015625 Tiempo [ms]:31723 Memoria Total:2090180608 Memoria Libre: 78168064 PID:12924 COMMAND:ps ARGUMENTS:-aux
 Carga Cpu:1.79931640625 Tiempo [ms]:31734 Memoria Total:2090180608 Memoria Libre: 146595840 PID:144 COMMAND:[kpsmoused] ARGUMENTS:
 Carga Cpu:1.79931640625 Tiempo [ms]:31734 Memoria Total:2090180608 Memoria Libre: 146595840 PID:307 COMMAND:upstart-udev-bridge ARGUMENTS:--daemon
 Carga Cpu:1.79931640625 Tiempo [ms]:31734 Memoria Total:2090180608 Memoria Libre: 146595840 PID:477 COMMAND:upstart-socket-bridge ARGUMENTS:--daemon
 Carga Cpu:1.79931640625 Tiempo [ms]:31734 Memoria Total:2090180608 Memoria Libre: 146595840 PID:839 COMMAND:upstart-file-bridge ARGUMENTS:--daemon
 Carga Cpu:1.79931640625 Tiempo [ms]:31734 Memoria Total:2090180608 Memoria Libre: 146595840 PID:1119 COMMAND:/usr/sbin/cups-browsed ARGUMENTS:
 Carga Cpu:1.79931640625 Tiempo [ms]:31734 Memoria Total:2090180608 Memoria Libre: 146595840 PID:1166 COMMAND:whoopsie ARGUMENTS:
 Carga Cpu:1.79931640625 Tiempo [ms]:31734 Memoria Total:2090180608 Memoria Libre: 146595840 PID:1599 COMMAND:/usr/sbin/kerneloops ARGUMENTS:
 Carga Cpu:1.79931640625 Tiempo [ms]:31734 Memoria Total:2090180608 Memoria Libre: 146595840 PID:2452 COMMAND:/usr/sbin/cupsd ARGUMENTS:-f
 Carga Cpu:1.79931640625 Tiempo [ms]:31734 Memoria Total:2090180608 Memoria Libre: 146595840 PID:2455 COMMAND:/usr/lib/cups/notifier/dbus ARGUMENTS:dbus://
 Carga Cpu:1.79931640625 Tiempo [ms]:31734 Memoria Total:2090180608 Memoria Libre: 146595840 PID:2456 COMMAND:/usr/lib/cups/notifier/dbus ARGUMENTS:dbus://
 Carga Cpu:1.79931640625 Tiempo [ms]:31734 Memoria Total:2090180608 Memoria Libre: 146595840 PID:4082 COMMAND:upstart-event-bridge ARGUMENTS:
 Carga Cpu:1.79931640625 Tiempo [ms]:31734 Memoria Total:2090180608 Memoria Libre: 146595840 PID:4104 COMMAND:upstart-dbus-bridge ARGUMENTS:--daemon,--session,--user,--bus-name,session
 Carga Cpu:1.79931640625 Tiempo [ms]:31734 Memoria Total:2090180608 Memoria Libre: 146595840 PID:4125 COMMAND:upstart-dbus-bridge ARGUMENTS:--daemon,--system,--user,--bus-name,system
 Carga Cpu:1.79931640625 Tiempo [ms]:31734 Memoria Total:2090180608 Memoria Libre: 146595840 PID:4127 COMMAND:upstart-file-bridge ARGUMENTS:--daemon,--user
 Carga Cpu:1.79931640625 Tiempo [ms]:31734 Memoria Total:2090180608 Memoria Libre: 146595840 PID:12931 COMMAND:ps ARGUMENTS:-aux
 Carga Cpu:1.53955078125 Tiempo [ms]:31788 Memoria Total:2090180608 Memoria Libre: 446533632 PID:144 COMMAND:[kpsmoused] ARGUMENTS:
 Carga Cpu:1.53955078125 Tiempo [ms]:31788 Memoria Total:2090180608 Memoria Libre: 446533632 PID:307 COMMAND:upstart-udev-bridge ARGUMENTS:--daemon
 Carga Cpu:1.53955078125 Tiempo [ms]:31788 Memoria Total:2090180608 Memoria Libre: 446533632 PID:477 COMMAND:upstart-socket-bridge ARGUMENTS:--daemon
 Carga Cpu:1.53955078125 Tiempo [ms]:31788 Memoria Total:2090180608 Memoria Libre: 446533632 PID:839 COMMAND:upstart-file-bridge ARGUMENTS:--daemon
 Carga Cpu:1.53955078125 Tiempo [ms]:31788 Memoria Total:2090180608 Memoria Libre: 446533632 PID:1119 COMMAND:/usr/sbin/cups-browsed ARGUMENTS:
 Carga Cpu:1.53955078125 Tiempo [ms]:31788 Memoria Total:2090180608 Memoria Libre: 446406656 PID:1166 COMMAND:whoopsie ARGUMENTS:
 Carga Cpu:1.53955078125 Tiempo [ms]:31788 Memoria Total:2090180608 Memoria Libre: 446406656 PID:1599 COMMAND:/usr/sbin/kerneloops ARGUMENTS:
 Carga Cpu:1.53955078125 Tiempo [ms]:31788 Memoria Total:2090180608 Memoria Libre: 446406656 PID:2452 COMMAND:/usr/sbin/cupsd ARGUMENTS:-f
 Carga Cpu:1.53955078125 Tiempo [ms]:31788 Memoria Total:2090180608 Memoria Libre: 446406656 PID:2455 COMMAND:/usr/lib/cups/notifier/dbus ARGUMENTS:dbus://
 Carga Cpu:1.53955078125 Tiempo [ms]:31788 Memoria Total:2090180608 Memoria Libre: 446406656 PID:2456 COMMAND:/usr/lib/cups/notifier/dbus ARGUMENTS:dbus://
 Carga Cpu:1.53955078125 Tiempo [ms]:31788 Memoria Total:2090180608 Memoria Libre: 446406656 PID:4082 COMMAND:upstart-event-bridge ARGUMENTS:
 Carga Cpu:1.53955078125 Tiempo [ms]:31788 Memoria Total:2090180608 Memoria Libre: 446406656 PID:4104 COMMAND:upstart-dbus-bridge ARGUMENTS:--daemon,--session,--user,--bus-name,session
 Carga Cpu:1.53955078125 Tiempo [ms]:31788 Memoria Total:2090180608 Memoria Libre: 446406656 PID:4125 COMMAND:upstart-dbus-bridge ARGUMENTS:--daemon,--system,--user,--bus-name,system
 Carga Cpu:1.53955078125 Tiempo [ms]:31788 Memoria Total:2090180608 Memoria Libre: 446406656 PID:4127 COMMAND:upstart-file-bridge ARGUMENTS:--daemon,--user
 Carga Cpu:1.53955078125 Tiempo [ms]:31788 Memoria Total:2090180608 Memoria Libre: 446406656 PID:12967 COMMAND:ps ARGUMENTS:-aux
 Carga Cpu:1.4892578125 Tiempo [ms]:31798 Memoria Total:2090180608 Memoria Libre: 425304064 PID:144 COMMAND:[kpsmoused] ARGUMENTS:
 Carga Cpu:1.4892578125 Tiempo [ms]:31798 Memoria Total:2090180608 Memoria Libre: 425304064 PID:307 COMMAND:upstart-udev-bridge ARGUMENTS:--daemon
 Carga Cpu:1.4892578125 Tiempo [ms]:31798 Memoria Total:2090180608 Memoria Libre: 425304064 PID:477 COMMAND:upstart-socket-bridge ARGUMENTS:--daemon
 Carga Cpu:1.4892578125 Tiempo [ms]:31798 Memoria Total:2090180608 Memoria Libre: 425304064 PID:839 COMMAND:upstart-file-bridge ARGUMENTS:--daemon
 Carga Cpu:1.4892578125 Tiempo [ms]:31798 Memoria Total:2090180608 Memoria Libre: 425304064 PID:1119 COMMAND:/usr/sbin/cups-browsed ARGUMENTS:
 Carga Cpu:1.4892578125 Tiempo [ms]:31798 Memoria Total:2090180608 Memoria Libre: 425304064 PID:1166 COMMAND:whoopsie ARGUMENTS:
 Carga Cpu:1.4892578125 Tiempo [ms]:31798 Memoria Total:2090180608 Memoria Libre: 425304064 PID:1599 COMMAND:/usr/sbin/kerneloops ARGUMENTS:
 Carga Cpu:1.4892578125 Tiempo [ms]:31798 Memoria Total:2090180608 Memoria Libre: 425304064 PID:2452 COMMAND:/usr/sbin/cupsd ARGUMENTS:-f
 Carga Cpu:1.4892578125 Tiempo [ms]:31798 Memoria Total:2090180608 Memoria Libre: 425304064 PID:2455 COMMAND:/usr/lib/cups/notifier/dbus ARGUMENTS:dbus://
 Carga Cpu:1.4892578125 Tiempo [ms]:31798 Memoria Total:2090180608 Memoria Libre: 425304064 PID:4125 COMMAND:upstart-dbus-bridge ARGUMENTS:--daemon,--system,--user,--bus-name,system
 Carga Cpu:1.4892578125 Tiempo [ms]:31798 Memoria Total:2090180608 Memoria Libre: 425304064 PID:4127 COMMAND:upstart-file-bridge ARGUMENTS:--daemon,--user
 Carga Cpu:1.4892578125 Tiempo [ms]:31798 Memoria Total:2090180608 Memoria Libre: 425304064 PID:12973 COMMAND:ps ARGUMENTS:-aux
 Carga Cpu:1.4892578125 Tiempo [ms]:31798 Memoria Total:2090180608 Memoria Libre: 425304064 PID:2456 COMMAND:/usr/lib/cups/notifier/dbus ARGUMENTS:dbus://
 Carga Cpu:1.4892578125 Tiempo [ms]:31798 Memoria Total:2090180608 Memoria Libre: 425304064 PID:4082 COMMAND:upstart-event-bridge ARGUMENTS:
 Carga Cpu:1.4892578125 Tiempo [ms]:31798 Memoria Total:2090180608 Memoria Libre: 425304064 PID:4104 COMMAND:upstart-dbus-bridge ARGUMENTS:--daemon,--session,--user,--bus-name,session
 Carga Cpu:1.43994140625 Tiempo [ms]:31808 Memoria Total:2090180608 Memoria Libre: 415911936 PID:144 COMMAND:[kpsmoused] ARGUMENTS:
 Carga Cpu:1.43994140625 Tiempo [ms]:31808 Memoria Total:2090180608 Memoria Libre: 415911936 PID:307 COMMAND:upstart-udev-bridge ARGUMENTS:--daemon
 Carga Cpu:1.43994140625 Tiempo [ms]:31808 Memoria Total:2090180608 Memoria Libre: 415911936 PID:477 COMMAND:upstart-socket-bridge ARGUMENTS:--daemon
 Carga Cpu:1.43994140625 Tiempo [ms]:31808 Memoria Total:2090180608 Memoria Libre: 415911936 PID:839 COMMAND:upstart-file-bridge ARGUMENTS:--daemon
 Carga Cpu:1.43994140625 Tiempo [ms]:31808 Memoria Total:2090180608 Memoria Libre: 415911936 PID:1119 COMMAND:/usr/sbin/cups-browsed ARGUMENTS:
 Carga Cpu:1.43994140625 Tiempo [ms]:31808 Memoria Total:2090180608 Memoria Libre: 415911936 PID:1166 COMMAND:whoopsie ARGUMENTS:
 Carga Cpu:1.43994140625 Tiempo [ms]:31808 Memoria Total:2090180608 Memoria Libre: 415911936 PID:1599 COMMAND:/usr/sbin/kerneloops ARGUMENTS:
 Carga Cpu:1.43994140625 Tiempo [ms]:31808 Memoria Total:2090180608 Memoria Libre: 415911936 PID:2452 COMMAND:/usr/sbin/cupsd ARGUMENTS:-f
 Carga Cpu:1.43994140625 Tiempo [ms]:31808 Memoria Total:2090180608 Memoria Libre: 415911936 PID:2455 COMMAND:/usr/lib/cups/notifier/dbus ARGUMENTS:dbus://
 Carga Cpu:1.43994140625 Tiempo [ms]:31808 Memoria Total:2090180608 Memoria Libre: 415911936 PID:2456 COMMAND:/usr/lib/cups/notifier/dbus ARGUMENTS:dbus://
 Carga Cpu:1.43994140625 Tiempo [ms]:31808 Memoria Total:2090180608 Memoria Libre: 415911936 PID:4082 COMMAND:upstart-event-bridge ARGUMENTS:
 Carga Cpu:1.43994140625 Tiempo [ms]:31808 Memoria Total:2090180608 Memoria Libre: 415911936 PID:4104 COMMAND:upstart-dbus-bridge ARGUMENTS:--daemon,--session,--user,--bus-name,session
 Carga Cpu:1.43994140625 Tiempo [ms]:31808 Memoria Total:2090180608 Memoria Libre: 415911936 PID:4125 COMMAND:upstart-dbus-bridge ARGUMENTS:--daemon,--system,--user,--bus-name,system
 Carga Cpu:1.43994140625 Tiempo [ms]:31808 Memoria Total:2090180608 Memoria Libre: 415911936 PID:4127 COMMAND:upstart-file-bridge ARGUMENTS:--daemon,--user
 Carga Cpu:1.43994140625 Tiempo [ms]:31808 Memoria Total:2090180608 Memoria Libre: 415911936 PID:12979 COMMAND:ps ARGUMENTS:-aux
 Carga Cpu:1.392578125 Tiempo [ms]:31818 Memoria Total:2090180608 Memoria Libre: 423645184 PID:144 COMMAND:[kpsmoused] ARGUMENTS:
 Carga Cpu:1.392578125 Tiempo [ms]:31818 Memoria Total:2090180608 Memoria Libre: 423645184 PID:307 COMMAND:upstart-udev-bridge ARGUMENTS:--daemon
 Carga Cpu:1.392578125 Tiempo [ms]:31818 Memoria Total:2090180608 Memoria Libre: 423645184 PID:477 COMMAND:upstart-socket-bridge ARGUMENTS:--daemon
 Carga Cpu:1.392578125 Tiempo [ms]:31818 Memoria Total:2090180608 Memoria Libre: 423645184 PID:839 COMMAND:upstart-file-bridge ARGUMENTS:--daemon
 Carga Cpu:1.392578125 Tiempo [ms]:31818 Memoria Total:2090180608 Memoria Libre: 423645184 PID:1119 COMMAND:/usr/sbin/cups-browsed ARGUMENTS:
 Carga Cpu:1.392578125 Tiempo [ms]:31818 Memoria Total:2090180608 Memoria Libre: 423645184 PID:1166 COMMAND:whoopsie ARGUMENTS:
 Carga Cpu:1.392578125 Tiempo [ms]:31818 Memoria Total:2090180608 Memoria Libre: 423645184 PID:1599 COMMAND:/usr/sbin/kerneloops ARGUMENTS:
 Carga Cpu:1.392578125 Tiempo [ms]:31818 Memoria Total:2090180608 Memoria Libre: 423645184 PID:2452 COMMAND:/usr/sbin/cupsd ARGUMENTS:-f
 Carga Cpu:1.392578125 Tiempo [ms]:31818 Memoria Total:2090180608 Memoria Libre: 423645184 PID:2455 COMMAND:/usr/lib/cups/notifier/dbus ARGUMENTS:dbus://
 Carga Cpu:1.392578125 Tiempo [ms]:31818 Memoria Total:2090180608 Memoria Libre: 423645184 PID:2456 COMMAND:/usr/lib/cups/notifier/dbus ARGUMENTS:dbus://
 Carga Cpu:1.392578125 Tiempo [ms]:31818 Memoria Total:2090180608 Memoria Libre: 423645184 PID:4082 COMMAND:upstart-event-bridge ARGUMENTS:
 Carga Cpu:1.392578125 Tiempo [ms]:31818 Memoria Total:2090180608 Memoria Libre: 423645184 PID:4104 COMMAND:upstart-dbus-bridge ARGUMENTS:--daemon,--session,--user,--bus-name,session
 Carga Cpu:1.392578125 Tiempo [ms]:31818 Memoria Total:2090180608 Memoria Libre: 423645184 PID:4125 COMMAND:upstart-dbus-bridge ARGUMENTS:--daemon,--system,--user,--bus-name,system
 Carga Cpu:1.392578125 Tiempo [ms]:31818 Memoria Total:2090180608 Memoria Libre: 423645184 PID:4127 COMMAND:upstart-file-bridge ARGUMENTS:--daemon,--user
 Carga Cpu:1.392578125 Tiempo [ms]:31818 Memoria Total:2090180608 Memoria Libre: 423645184 PID:12984 COMMAND:ps ARGUMENTS:-aux
 Carga Cpu:1.3798828125 Tiempo [ms]:31828 Memoria Total:2090180608 Memoria Libre: 412405760 PID:144 COMMAND:[kpsmoused] ARGUMENTS:
 Carga Cpu:1.3798828125 Tiempo [ms]:31828 Memoria Total:2090180608 Memoria Libre: 412405760 PID:307 COMMAND:upstart-udev-bridge ARGUMENTS:--daemon
 Carga Cpu:1.3798828125 Tiempo [ms]:31828 Memoria Total:2090180608 Memoria Libre: 412405760 PID:477 COMMAND:upstart-socket-bridge ARGUMENTS:--daemon
 Carga Cpu:1.3798828125 Tiempo [ms]:31828 Memoria Total:2090180608 Memoria Libre: 412405760 PID:839 COMMAND:upstart-file-bridge ARGUMENTS:--daemon
 Carga Cpu:1.3798828125 Tiempo [ms]:31828 Memoria Total:2090180608 Memoria Libre: 412405760 PID:1119 COMMAND:/usr/sbin/cups-browsed ARGUMENTS:
 Carga Cpu:1.3798828125 Tiempo [ms]:31828 Memoria Total:2090180608 Memoria Libre: 412405760 PID:1166 COMMAND:whoopsie ARGUMENTS:
 Carga Cpu:1.3798828125 Tiempo [ms]:31828 Memoria Total:2090180608 Memoria Libre: 412405760 PID:1599 COMMAND:/usr/sbin/kerneloops ARGUMENTS:
 Carga Cpu:1.3798828125 Tiempo [ms]:31828 Memoria Total:2090180608 Memoria Libre: 412405760 PID:2452 COMMAND:/usr/sbin/cupsd ARGUMENTS:-f
 Carga Cpu:1.3798828125 Tiempo [ms]:31828 Memoria Total:2090180608 Memoria Libre: 412405760 PID:2455 COMMAND:/usr/lib/cups/notifier/dbus ARGUMENTS:dbus://
 Carga Cpu:1.3798828125 Tiempo [ms]:31828 Memoria Total:2090180608 Memoria Libre: 412405760 PID:2456 COMMAND:/usr/lib/cups/notifier/dbus ARGUMENTS:dbus://
 Carga Cpu:1.3798828125 Tiempo [ms]:31828 Memoria Total:2090180608 Memoria Libre: 412405760 PID:4082 COMMAND:upstart-event-bridge ARGUMENTS:
 Carga Cpu:1.3798828125 Tiempo [ms]:31828 Memoria Total:2090180608 Memoria Libre: 412405760 PID:4104 COMMAND:upstart-dbus-bridge ARGUMENTS:--daemon,--session,--user,--bus-name,session
 Carga Cpu:1.3798828125 Tiempo [ms]:31828 Memoria Total:2090180608 Memoria Libre: 412405760 PID:4125 COMMAND:upstart-dbus-bridge ARGUMENTS:--daemon,--system,--user,--bus-name,system
 Carga Cpu:1.3798828125 Tiempo [ms]:31828 Memoria Total:2090180608 Memoria Libre: 412405760 PID:4127 COMMAND:upstart-file-bridge ARGUMENTS:--daemon,--user
 Carga Cpu:1.3798828125 Tiempo [ms]:31828 Memoria Total:2090180608 Memoria Libre: 412405760 PID:12988 COMMAND:ps ARGUMENTS:-aux
 Carga Cpu:1.33447265625 Tiempo [ms]:31838 Memoria Total:2090180608 Memoria Libre: 410415104 PID:144 COMMAND:[kpsmoused] ARGUMENTS:
 Carga Cpu:1.33447265625 Tiempo [ms]:31838 Memoria Total:2090180608 Memoria Libre: 410415104 PID:307 COMMAND:upstart-udev-bridge ARGUMENTS:--daemon
 Carga Cpu:1.33447265625 Tiempo [ms]:31838 Memoria Total:2090180608 Memoria Libre: 410415104 PID:477 COMMAND:upstart-socket-bridge ARGUMENTS:--daemon
 Carga Cpu:1.33447265625 Tiempo [ms]:31838 Memoria Total:2090180608 Memoria Libre: 410415104 PID:839 COMMAND:upstart-file-bridge ARGUMENTS:--daemon
 Carga Cpu:1.33447265625 Tiempo [ms]:31838 Memoria Total:2090180608 Memoria Libre: 410415104 PID:1119 COMMAND:/usr/sbin/cups-browsed ARGUMENTS:
 Carga Cpu:1.33447265625 Tiempo [ms]:31838 Memoria Total:2090180608 Memoria Libre: 410415104 PID:1166 COMMAND:whoopsie ARGUMENTS:
 Carga Cpu:1.33447265625 Tiempo [ms]:31838 Memoria Total:2090180608 Memoria Libre: 410415104 PID:1599 COMMAND:/usr/sbin/kerneloops ARGUMENTS:
 Carga Cpu:1.33447265625 Tiempo [ms]:31838 Memoria Total:2090180608 Memoria Libre: 410415104 PID:2452 COMMAND:/usr/sbin/cupsd ARGUMENTS:-f
 Carga Cpu:1.33447265625 Tiempo [ms]:31838 Memoria Total:2090180608 Memoria Libre: 410415104 PID:2455 COMMAND:/usr/lib/cups/notifier/dbus ARGUMENTS:dbus://
 Carga Cpu:1.33447265625 Tiempo [ms]:31838 Memoria Total:2090180608 Memoria Libre: 410415104 PID:2456 COMMAND:/usr/lib/cups/notifier/dbus ARGUMENTS:dbus://
 Carga Cpu:1.33447265625 Tiempo [ms]:31838 Memoria Total:2090180608 Memoria Libre: 410415104 PID:4082 COMMAND:upstart-event-bridge ARGUMENTS:
 Carga Cpu:1.33447265625 Tiempo [ms]:31838 Memoria Total:2090180608 Memoria Libre: 410415104 PID:4104 COMMAND:upstart-dbus-bridge ARGUMENTS:--daemon,--session,--user,--bus-name,session
 Carga Cpu:1.33447265625 Tiempo [ms]:31838 Memoria Total:2090180608 Memoria Libre: 410415104 PID:4125 COMMAND:upstart-dbus-bridge ARGUMENTS:--daemon,--system,--user,--bus-name,system
 Carga Cpu:1.33447265625 Tiempo [ms]:31838 Memoria Total:2090180608 Memoria Libre: 410415104 PID:4127 COMMAND:upstart-file-bridge ARGUMENTS:--daemon,--user
 Carga Cpu:1.33447265625 Tiempo [ms]:31838 Memoria Total:2090180608 Memoria Libre: 410415104 PID:12992 COMMAND:ps ARGUMENTS:-aux
 Carga Cpu:1.29052734375 Tiempo [ms]:31848 Memoria Total:2090180608 Memoria Libre: 423981056 PID:144 COMMAND:[kpsmoused] ARGUMENTS:
 Carga Cpu:1.29052734375 Tiempo [ms]:31848 Memoria Total:2090180608 Memoria Libre: 423981056 PID:307 COMMAND:upstart-udev-bridge ARGUMENTS:--daemon
 Carga Cpu:1.29052734375 Tiempo [ms]:31848 Memoria Total:2090180608 Memoria Libre: 423981056 PID:477 COMMAND:upstart-socket-bridge ARGUMENTS:--daemon
 Carga Cpu:1.29052734375 Tiempo [ms]:31848 Memoria Total:2090180608 Memoria Libre: 423981056 PID:839 COMMAND:upstart-file-bridge ARGUMENTS:--daemon
 Carga Cpu:1.29052734375 Tiempo [ms]:31848 Memoria Total:2090180608 Memoria Libre: 423981056 PID:1119 COMMAND:/usr/sbin/cups-browsed ARGUMENTS:
 Carga Cpu:1.29052734375 Tiempo [ms]:31848 Memoria Total:2090180608 Memoria Libre: 423981056 PID:1166 COMMAND:whoopsie ARGUMENTS:
 Carga Cpu:1.29052734375 Tiempo [ms]:31848 Memoria Total:2090180608 Memoria Libre: 423981056 PID:1599 COMMAND:/usr/sbin/kerneloops ARGUMENTS:
 Carga Cpu:1.29052734375 Tiempo [ms]:31848 Memoria Total:2090180608 Memoria Libre: 423981056 PID:2455 COMMAND:/usr/lib/cups/notifier/dbus ARGUMENTS:dbus://
 Carga Cpu:1.29052734375 Tiempo [ms]:31848 Memoria Total:2090180608 Memoria Libre: 423981056 PID:2452 COMMAND:/usr/sbin/cupsd ARGUMENTS:-f
 Carga Cpu:1.29052734375 Tiempo [ms]:31848 Memoria Total:2090180608 Memoria Libre: 423981056 PID:2456 COMMAND:/usr/lib/cups/notifier/dbus ARGUMENTS:dbus://
 Carga Cpu:1.29052734375 Tiempo [ms]:31848 Memoria Total:2090180608 Memoria Libre: 423981056 PID:4125 COMMAND:upstart-dbus-bridge ARGUMENTS:--daemon,--system,--user,--bus-name,system
 Carga Cpu:1.29052734375 Tiempo [ms]:31848 Memoria Total:2090180608 Memoria Libre: 423981056 PID:4127 COMMAND:upstart-file-bridge ARGUMENTS:--daemon,--user
 Carga Cpu:1.29052734375 Tiempo [ms]:31848 Memoria Total:2090180608 Memoria Libre: 423981056 PID:12996 COMMAND:ps ARGUMENTS:-aux
 Carga Cpu:1.29052734375 Tiempo [ms]:31848 Memoria Total:2090180608 Memoria Libre: 423981056 PID:4082 COMMAND:upstart-event-bridge ARGUMENTS:
 Carga Cpu:1.29052734375 Tiempo [ms]:31848 Memoria Total:2090180608 Memoria Libre: 423981056 PID:4104 COMMAND:upstart-dbus-bridge ARGUMENTS:--daemon,--session,--user,--bus-name,session
 Carga Cpu:1.2646484375 Tiempo [ms]:31858 Memoria Total:2090180608 Memoria Libre: 417767424 PID:144 COMMAND:[kpsmoused] ARGUMENTS:
 Carga Cpu:1.2646484375 Tiempo [ms]:31858 Memoria Total:2090180608 Memoria Libre: 417767424 PID:307 COMMAND:upstart-udev-bridge ARGUMENTS:--daemon
 Carga Cpu:1.2646484375 Tiempo [ms]:31858 Memoria Total:2090180608 Memoria Libre: 417767424 PID:477 COMMAND:upstart-socket-bridge ARGUMENTS:--daemon
 Carga Cpu:1.2646484375 Tiempo [ms]:31858 Memoria Total:2090180608 Memoria Libre: 417767424 PID:839 COMMAND:upstart-file-bridge ARGUMENTS:--daemon
 Carga Cpu:1.2646484375 Tiempo [ms]:31858 Memoria Total:2090180608 Memoria Libre: 417767424 PID:1119 COMMAND:/usr/sbin/cups-browsed ARGUMENTS:
 Carga Cpu:1.2646484375 Tiempo [ms]:31858 Memoria Total:2090180608 Memoria Libre: 417767424 PID:2452 COMMAND:/usr/sbin/cupsd ARGUMENTS:-f
 Carga Cpu:1.2646484375 Tiempo [ms]:31858 Memoria Total:2090180608 Memoria Libre: 417767424 PID:2455 COMMAND:/usr/lib/cups/notifier/dbus ARGUMENTS:dbus://
 Carga Cpu:1.2646484375 Tiempo [ms]:31858 Memoria Total:2090180608 Memoria Libre: 417767424 PID:2456 COMMAND:/usr/lib/cups/notifier/dbus ARGUMENTS:dbus://
 Carga Cpu:1.2646484375 Tiempo [ms]:31858 Memoria Total:2090180608 Memoria Libre: 417767424 PID:4082 COMMAND:upstart-event-bridge ARGUMENTS:
 Carga Cpu:1.2646484375 Tiempo [ms]:31858 Memoria Total:2090180608 Memoria Libre: 417767424 PID:4104 COMMAND:upstart-dbus-bridge ARGUMENTS:--daemon,--session,--user,--bus-name,session
 Carga Cpu:1.2646484375 Tiempo [ms]:31858 Memoria Total:2090180608 Memoria Libre: 417767424 PID:4125 COMMAND:upstart-dbus-bridge ARGUMENTS:--daemon,--system,--user,--bus-name,system
 Carga Cpu:1.2646484375 Tiempo [ms]:31858 Memoria Total:2090180608 Memoria Libre: 417767424 PID:4127 COMMAND:upstart-file-bridge ARGUMENTS:--daemon,--user
 Carga Cpu:1.2646484375 Tiempo [ms]:31858 Memoria Total:2090180608 Memoria Libre: 417767424 PID:13000 COMMAND:ps ARGUMENTS:-aux
 Carga Cpu:1.2646484375 Tiempo [ms]:31858 Memoria Total:2090180608 Memoria Libre: 417767424 PID:1166 COMMAND:whoopsie ARGUMENTS:
 Carga Cpu:1.2646484375 Tiempo [ms]:31858 Memoria Total:2090180608 Memoria Libre: 417767424 PID:1599 COMMAND:/usr/sbin/kerneloops ARGUMENTS:
 Carga Cpu:1.22314453125 Tiempo [ms]:31868 Memoria Total:2090180608 Memoria Libre: 415674368 PID:144 COMMAND:[kpsmoused] ARGUMENTS:
 Carga Cpu:1.22314453125 Tiempo [ms]:31868 Memoria Total:2090180608 Memoria Libre: 415674368 PID:307 COMMAND:upstart-udev-bridge ARGUMENTS:--daemon
 Carga Cpu:1.22314453125 Tiempo [ms]:31868 Memoria Total:2090180608 Memoria Libre: 415674368 PID:477 COMMAND:upstart-socket-bridge ARGUMENTS:--daemon
 Carga Cpu:1.22314453125 Tiempo [ms]:31868 Memoria Total:2090180608 Memoria Libre: 415674368 PID:839 COMMAND:upstart-file-bridge ARGUMENTS:--daemon
 Carga Cpu:1.22314453125 Tiempo [ms]:31868 Memoria Total:2090180608 Memoria Libre: 415674368 PID:1119 COMMAND:/usr/sbin/cups-browsed ARGUMENTS:
 Carga Cpu:1.22314453125 Tiempo [ms]:31868 Memoria Total:2090180608 Memoria Libre: 415674368 PID:1166 COMMAND:whoopsie ARGUMENTS:
 Carga Cpu:1.22314453125 Tiempo [ms]:31868 Memoria Total:2090180608 Memoria Libre: 415674368 PID:1599 COMMAND:/usr/sbin/kerneloops ARGUMENTS:
 Carga Cpu:1.22314453125 Tiempo [ms]:31868 Memoria Total:2090180608 Memoria Libre: 415674368 PID:2452 COMMAND:/usr/sbin/cupsd ARGUMENTS:-f
 Carga Cpu:1.22314453125 Tiempo [ms]:31868 Memoria Total:2090180608 Memoria Libre: 415674368 PID:2455 COMMAND:/usr/lib/cups/notifier/dbus ARGUMENTS:dbus://
 Carga Cpu:1.22314453125 Tiempo [ms]:31868 Memoria Total:2090180608 Memoria Libre: 415674368 PID:2456 COMMAND:/usr/lib/cups/notifier/dbus ARGUMENTS:dbus://
 Carga Cpu:1.22314453125 Tiempo [ms]:31868 Memoria Total:2090180608 Memoria Libre: 415674368 PID:4082 COMMAND:upstart-event-bridge ARGUMENTS:
 Carga Cpu:1.22314453125 Tiempo [ms]:31868 Memoria Total:2090180608 Memoria Libre: 415674368 PID:4104 COMMAND:upstart-dbus-bridge ARGUMENTS:--daemon,--session,--user,--bus-name,session
 Carga Cpu:1.22314453125 Tiempo [ms]:31868 Memoria Total:2090180608 Memoria Libre: 415674368 PID:4125 COMMAND:upstart-dbus-bridge ARGUMENTS:--daemon,--system,--user,--bus-name,system
 Carga Cpu:1.22314453125 Tiempo [ms]:31868 Memoria Total:2090180608 Memoria Libre: 415674368 PID:4127 COMMAND:upstart-file-bridge ARGUMENTS:--daemon,--user
 Carga Cpu:1.22314453125 Tiempo [ms]:31868 Memoria Total:2090180608 Memoria Libre: 415674368 PID:13006 COMMAND:ps ARGUMENTS:-aux
 Carga Cpu:1.1435546875 Tiempo [ms]:31889 Memoria Total:2090180608 Memoria Libre: 453734400 PID:144 COMMAND:[kpsmoused] ARGUMENTS:
 Carga Cpu:1.1435546875 Tiempo [ms]:31889 Memoria Total:2090180608 Memoria Libre: 453734400 PID:307 COMMAND:upstart-udev-bridge ARGUMENTS:--daemon
 Carga Cpu:1.1435546875 Tiempo [ms]:31889 Memoria Total:2090180608 Memoria Libre: 453734400 PID:477 COMMAND:upstart-socket-bridge ARGUMENTS:--daemon
 Carga Cpu:1.1435546875 Tiempo [ms]:31889 Memoria Total:2090180608 Memoria Libre: 453734400 PID:839 COMMAND:upstart-file-bridge ARGUMENTS:--daemon
 Carga Cpu:1.1435546875 Tiempo [ms]:31889 Memoria Total:2090180608 Memoria Libre: 453734400 PID:1119 COMMAND:/usr/sbin/cups-browsed ARGUMENTS:
 Carga Cpu:1.1435546875 Tiempo [ms]:31889 Memoria Total:2090180608 Memoria Libre: 453734400 PID:1166 COMMAND:whoopsie ARGUMENTS:
 Carga Cpu:1.1435546875 Tiempo [ms]:31889 Memoria Total:2090180608 Memoria Libre: 453734400 PID:1599 COMMAND:/usr/sbin/kerneloops ARGUMENTS:
 Carga Cpu:1.1435546875 Tiempo [ms]:31889 Memoria Total:2090180608 Memoria Libre: 453734400 PID:2452 COMMAND:/usr/sbin/cupsd ARGUMENTS:-f
 Carga Cpu:1.1435546875 Tiempo [ms]:31889 Memoria Total:2090180608 Memoria Libre: 453734400 PID:2455 COMMAND:/usr/lib/cups/notifier/dbus ARGUMENTS:dbus://
 Carga Cpu:1.1435546875 Tiempo [ms]:31889 Memoria Total:2090180608 Memoria Libre: 453734400 PID:2456 COMMAND:/usr/lib/cups/notifier/dbus ARGUMENTS:dbus://
 Carga Cpu:1.1435546875 Tiempo [ms]:31889 Memoria Total:2090180608 Memoria Libre: 453734400 PID:4082 COMMAND:upstart-event-bridge ARGUMENTS:
 Carga Cpu:1.1435546875 Tiempo [ms]:31889 Memoria Total:2090180608 Memoria Libre: 453734400 PID:4104 COMMAND:upstart-dbus-bridge ARGUMENTS:--daemon,--session,--user,--bus-name,session
 Carga Cpu:1.1435546875 Tiempo [ms]:31889 Memoria Total:2090180608 Memoria Libre: 453734400 PID:4125 COMMAND:upstart-dbus-bridge ARGUMENTS:--daemon,--system,--user,--bus-name,system
 Carga Cpu:1.1435546875 Tiempo [ms]:31889 Memoria Total:2090180608 Memoria Libre: 453734400 PID:4127 COMMAND:upstart-file-bridge ARGUMENTS:--daemon,--user
 Carga Cpu:1.1435546875 Tiempo [ms]:31889 Memoria Total:2090180608 Memoria Libre: 453734400 PID:13033 COMMAND:ps ARGUMENTS:-aux
 Carga Cpu:1.12255859375 Tiempo [ms]:31899 Memoria Total:2090180608 Memoria Libre: 440303616 PID:144 COMMAND:[kpsmoused] ARGUMENTS:
 Carga Cpu:1.12255859375 Tiempo [ms]:31899 Memoria Total:2090180608 Memoria Libre: 440303616 PID:307 COMMAND:upstart-udev-bridge ARGUMENTS:--daemon
 Carga Cpu:1.12255859375 Tiempo [ms]:31899 Memoria Total:2090180608 Memoria Libre: 439668736 PID:477 COMMAND:upstart-socket-bridge ARGUMENTS:--daemon
 Carga Cpu:1.12255859375 Tiempo [ms]:31899 Memoria Total:2090180608 Memoria Libre: 439668736 PID:839 COMMAND:upstart-file-bridge ARGUMENTS:--daemon
 Carga Cpu:1.12255859375 Tiempo [ms]:31899 Memoria Total:2090180608 Memoria Libre: 439668736 PID:1119 COMMAND:/usr/sbin/cups-browsed ARGUMENTS:
 Carga Cpu:1.12255859375 Tiempo [ms]:31899 Memoria Total:2090180608 Memoria Libre: 439668736 PID:1166 COMMAND:whoopsie ARGUMENTS:
 Carga Cpu:1.12255859375 Tiempo [ms]:31899 Memoria Total:2090180608 Memoria Libre: 439668736 PID:1599 COMMAND:/usr/sbin/kerneloops ARGUMENTS:
 Carga Cpu:1.12255859375 Tiempo [ms]:31899 Memoria Total:2090180608 Memoria Libre: 439668736 PID:2452 COMMAND:/usr/sbin/cupsd ARGUMENTS:-f
 Carga Cpu:1.12255859375 Tiempo [ms]:31899 Memoria Total:2090180608 Memoria Libre: 439668736 PID:2455 COMMAND:/usr/lib/cups/notifier/dbus ARGUMENTS:dbus://
 Carga Cpu:1.12255859375 Tiempo [ms]:31899 Memoria Total:2090180608 Memoria Libre: 439668736 PID:2456 COMMAND:/usr/lib/cups/notifier/dbus ARGUMENTS:dbus://
 Carga Cpu:1.12255859375 Tiempo [ms]:31899 Memoria Total:2090180608 Memoria Libre: 439287808 PID:4082 COMMAND:upstart-event-bridge ARGUMENTS:
 Carga Cpu:1.12255859375 Tiempo [ms]:31899 Memoria Total:2090180608 Memoria Libre: 439287808 PID:4104 COMMAND:upstart-dbus-bridge ARGUMENTS:--daemon,--session,--user,--bus-name,session
 Carga Cpu:1.12255859375 Tiempo [ms]:31899 Memoria Total:2090180608 Memoria Libre: 439287808 PID:4125 COMMAND:upstart-dbus-bridge ARGUMENTS:--daemon,--system,--user,--bus-name,system
 Carga Cpu:1.12255859375 Tiempo [ms]:31899 Memoria Total:2090180608 Memoria Libre: 439287808 PID:4127 COMMAND:upstart-file-bridge ARGUMENTS:--daemon,--user
 Carga Cpu:1.12255859375 Tiempo [ms]:31899 Memoria Total:2090180608 Memoria Libre: 439287808 PID:13037 COMMAND:ps ARGUMENTS:-aux
 Carga Cpu:1.08544921875 Tiempo [ms]:31909 Memoria Total:2090180608 Memoria Libre: 434712576 PID:144 COMMAND:[kpsmoused] ARGUMENTS:
 Carga Cpu:1.08544921875 Tiempo [ms]:31909 Memoria Total:2090180608 Memoria Libre: 434585600 PID:307 COMMAND:upstart-udev-bridge ARGUMENTS:--daemon
 Carga Cpu:1.08544921875 Tiempo [ms]:31909 Memoria Total:2090180608 Memoria Libre: 434585600 PID:477 COMMAND:upstart-socket-bridge ARGUMENTS:--daemon
 Carga Cpu:1.08544921875 Tiempo [ms]:31909 Memoria Total:2090180608 Memoria Libre: 434585600 PID:839 COMMAND:upstart-file-bridge ARGUMENTS:--daemon
 Carga Cpu:1.08544921875 Tiempo [ms]:31909 Memoria Total:2090180608 Memoria Libre: 434458624 PID:1119 COMMAND:/usr/sbin/cups-browsed ARGUMENTS:
 Carga Cpu:1.08544921875 Tiempo [ms]:31909 Memoria Total:2090180608 Memoria Libre: 434458624 PID:1166 COMMAND:whoopsie ARGUMENTS:
 Carga Cpu:1.08544921875 Tiempo [ms]:31909 Memoria Total:2090180608 Memoria Libre: 434458624 PID:1599 COMMAND:/usr/sbin/kerneloops ARGUMENTS:
 Carga Cpu:1.08544921875 Tiempo [ms]:31909 Memoria Total:2090180608 Memoria Libre: 434458624 PID:2452 COMMAND:/usr/sbin/cupsd ARGUMENTS:-f
 Carga Cpu:1.08544921875 Tiempo [ms]:31909 Memoria Total:2090180608 Memoria Libre: 434458624 PID:2455 COMMAND:/usr/lib/cups/notifier/dbus ARGUMENTS:dbus://
 Carga Cpu:1.08544921875 Tiempo [ms]:31909 Memoria Total:2090180608 Memoria Libre: 434458624 PID:2456 COMMAND:/usr/lib/cups/notifier/dbus ARGUMENTS:dbus://
 Carga Cpu:1.08544921875 Tiempo [ms]:31909 Memoria Total:2090180608 Memoria Libre: 434458624 PID:4082 COMMAND:upstart-event-bridge ARGUMENTS:
 Carga Cpu:1.08544921875 Tiempo [ms]:31909 Memoria Total:2090180608 Memoria Libre: 434458624 PID:4104 COMMAND:upstart-dbus-bridge ARGUMENTS:--daemon,--session,--user,--bus-name,session
 Carga Cpu:1.08544921875 Tiempo [ms]:31909 Memoria Total:2090180608 Memoria Libre: 434458624 PID:4125 COMMAND:upstart-dbus-bridge ARGUMENTS:--daemon,--system,--user,--bus-name,system
 Carga Cpu:1.08544921875 Tiempo [ms]:31909 Memoria Total:2090180608 Memoria Libre: 434458624 PID:4127 COMMAND:upstart-file-bridge ARGUMENTS:--daemon,--user
 Carga Cpu:1.08544921875 Tiempo [ms]:31909 Memoria Total:2090180608 Memoria Libre: 434458624 PID:13041 COMMAND:ps ARGUMENTS:-aux
 Carga Cpu:1.0498046875 Tiempo [ms]:31919 Memoria Total:2090180608 Memoria Libre: 421580800 PID:144 COMMAND:[kpsmoused] ARGUMENTS:
 Carga Cpu:1.0498046875 Tiempo [ms]:31919 Memoria Total:2090180608 Memoria Libre: 421580800 PID:307 COMMAND:upstart-udev-bridge ARGUMENTS:--daemon
 Carga Cpu:1.0498046875 Tiempo [ms]:31919 Memoria Total:2090180608 Memoria Libre: 421580800 PID:477 COMMAND:upstart-socket-bridge ARGUMENTS:--daemon
 Carga Cpu:1.0498046875 Tiempo [ms]:31919 Memoria Total:2090180608 Memoria Libre: 421580800 PID:839 COMMAND:upstart-file-bridge ARGUMENTS:--daemon
 Carga Cpu:1.0498046875 Tiempo [ms]:31919 Memoria Total:2090180608 Memoria Libre: 421580800 PID:1119 COMMAND:/usr/sbin/cups-browsed ARGUMENTS:
 Carga Cpu:1.0498046875 Tiempo [ms]:31919 Memoria Total:2090180608 Memoria Libre: 421580800 PID:1166 COMMAND:whoopsie ARGUMENTS:
 Carga Cpu:1.0498046875 Tiempo [ms]:31919 Memoria Total:2090180608 Memoria Libre: 421580800 PID:1599 COMMAND:/usr/sbin/kerneloops ARGUMENTS:
 Carga Cpu:1.0498046875 Tiempo [ms]:31919 Memoria Total:2090180608 Memoria Libre: 421580800 PID:2452 COMMAND:/usr/sbin/cupsd ARGUMENTS:-f
 Carga Cpu:1.0498046875 Tiempo [ms]:31919 Memoria Total:2090180608 Memoria Libre: 421580800 PID:2455 COMMAND:/usr/lib/cups/notifier/dbus ARGUMENTS:dbus://
 Carga Cpu:1.0498046875 Tiempo [ms]:31919 Memoria Total:2090180608 Memoria Libre: 421580800 PID:2456 COMMAND:/usr/lib/cups/notifier/dbus ARGUMENTS:dbus://
 Carga Cpu:1.0498046875 Tiempo [ms]:31919 Memoria Total:2090180608 Memoria Libre: 421580800 PID:4082 COMMAND:upstart-event-bridge ARGUMENTS:
 Carga Cpu:1.0498046875 Tiempo [ms]:31919 Memoria Total:2090180608 Memoria Libre: 421580800 PID:4104 COMMAND:upstart-dbus-bridge ARGUMENTS:--daemon,--session,--user,--bus-name,session
 Carga Cpu:1.0498046875 Tiempo [ms]:31919 Memoria Total:2090180608 Memoria Libre: 421580800 PID:4125 COMMAND:upstart-dbus-bridge ARGUMENTS:--daemon,--system,--user,--bus-name,system
 Carga Cpu:1.0498046875 Tiempo [ms]:31919 Memoria Total:2090180608 Memoria Libre: 421580800 PID:4127 COMMAND:upstart-file-bridge ARGUMENTS:--daemon,--user
 Carga Cpu:1.0498046875 Tiempo [ms]:31919 Memoria Total:2090180608 Memoria Libre: 421580800 PID:13045 COMMAND:ps ARGUMENTS:-aux
 Carga Cpu:1.01513671875 Tiempo [ms]:31929 Memoria Total:2090180608 Memoria Libre: 414752768 PID:144 COMMAND:[kpsmoused] ARGUMENTS:
 Carga Cpu:1.01513671875 Tiempo [ms]:31929 Memoria Total:2090180608 Memoria Libre: 414752768 PID:307 COMMAND:upstart-udev-bridge ARGUMENTS:--daemon
 Carga Cpu:1.01513671875 Tiempo [ms]:31929 Memoria Total:2090180608 Memoria Libre: 414752768 PID:477 COMMAND:upstart-socket-bridge ARGUMENTS:--daemon
 Carga Cpu:1.01513671875 Tiempo [ms]:31929 Memoria Total:2090180608 Memoria Libre: 414752768 PID:839 COMMAND:upstart-file-bridge ARGUMENTS:--daemon
 Carga Cpu:1.01513671875 Tiempo [ms]:31929 Memoria Total:2090180608 Memoria Libre: 414752768 PID:1119 COMMAND:/usr/sbin/cups-browsed ARGUMENTS:
 Carga Cpu:1.01513671875 Tiempo [ms]:31929 Memoria Total:2090180608 Memoria Libre: 414752768 PID:1166 COMMAND:whoopsie ARGUMENTS:
 Carga Cpu:1.01513671875 Tiempo [ms]:31929 Memoria Total:2090180608 Memoria Libre: 414752768 PID:1599 COMMAND:/usr/sbin/kerneloops ARGUMENTS:
 Carga Cpu:1.01513671875 Tiempo [ms]:31929 Memoria Total:2090180608 Memoria Libre: 414752768 PID:2452 COMMAND:/usr/sbin/cupsd ARGUMENTS:-f
 Carga Cpu:1.01513671875 Tiempo [ms]:31929 Memoria Total:2090180608 Memoria Libre: 414752768 PID:2455 COMMAND:/usr/lib/cups/notifier/dbus ARGUMENTS:dbus://
 Carga Cpu:1.01513671875 Tiempo [ms]:31929 Memoria Total:2090180608 Memoria Libre: 414752768 PID:2456 COMMAND:/usr/lib/cups/notifier/dbus ARGUMENTS:dbus://
 Carga Cpu:1.01513671875 Tiempo [ms]:31929 Memoria Total:2090180608 Memoria Libre: 414752768 PID:4082 COMMAND:upstart-event-bridge ARGUMENTS:
 Carga Cpu:1.01513671875 Tiempo [ms]:31929 Memoria Total:2090180608 Memoria Libre: 414752768 PID:4104 COMMAND:upstart-dbus-bridge ARGUMENTS:--daemon,--session,--user,--bus-name,session
 Carga Cpu:1.01513671875 Tiempo [ms]:31929 Memoria Total:2090180608 Memoria Libre: 414752768 PID:4125 COMMAND:upstart-dbus-bridge ARGUMENTS:--daemon,--system,--user,--bus-name,system
 Carga Cpu:1.01513671875 Tiempo [ms]:31929 Memoria Total:2090180608 Memoria Libre: 414752768 PID:4127 COMMAND:upstart-file-bridge ARGUMENTS:--daemon,--user
 Carga Cpu:1.01513671875 Tiempo [ms]:31929 Memoria Total:2090180608 Memoria Libre: 414752768 PID:13051 COMMAND:ps ARGUMENTS:-aux
 Carga Cpu:0.86865234375 Tiempo [ms]:33224 Memoria Total:2090180608 Memoria Libre: 261431296 PID:144 COMMAND:[kpsmoused] ARGUMENTS:
 Carga Cpu:0.86865234375 Tiempo [ms]:33224 Memoria Total:2090180608 Memoria Libre: 261304320 PID:307 COMMAND:upstart-udev-bridge ARGUMENTS:--daemon
 Carga Cpu:0.86865234375 Tiempo [ms]:33224 Memoria Total:2090180608 Memoria Libre: 261304320 PID:477 COMMAND:upstart-socket-bridge ARGUMENTS:--daemon
 Carga Cpu:0.86865234375 Tiempo [ms]:33224 Memoria Total:2090180608 Memoria Libre: 261304320 PID:839 COMMAND:upstart-file-bridge ARGUMENTS:--daemon
 Carga Cpu:0.86865234375 Tiempo [ms]:33224 Memoria Total:2090180608 Memoria Libre: 261304320 PID:1119 COMMAND:/usr/sbin/cups-browsed ARGUMENTS:
 Carga Cpu:0.86865234375 Tiempo [ms]:33224 Memoria Total:2090180608 Memoria Libre: 261304320 PID:1166 COMMAND:whoopsie ARGUMENTS:
 Carga Cpu:0.86865234375 Tiempo [ms]:33224 Memoria Total:2090180608 Memoria Libre: 261304320 PID:1599 COMMAND:/usr/sbin/kerneloops ARGUMENTS:
 Carga Cpu:0.86865234375 Tiempo [ms]:33224 Memoria Total:2090180608 Memoria Libre: 261304320 PID:2452 COMMAND:/usr/sbin/cupsd ARGUMENTS:-f
 Carga Cpu:0.86865234375 Tiempo [ms]:33224 Memoria Total:2090180608 Memoria Libre: 261304320 PID:2455 COMMAND:/usr/lib/cups/notifier/dbus ARGUMENTS:dbus://
 Carga Cpu:0.86865234375 Tiempo [ms]:33224 Memoria Total:2090180608 Memoria Libre: 261304320 PID:2456 COMMAND:/usr/lib/cups/notifier/dbus ARGUMENTS:dbus://
 Carga Cpu:0.86865234375 Tiempo [ms]:33224 Memoria Total:2090180608 Memoria Libre: 261304320 PID:4082 COMMAND:upstart-event-bridge ARGUMENTS:
 Carga Cpu:0.86865234375 Tiempo [ms]:33224 Memoria Total:2090180608 Memoria Libre: 261304320 PID:4104 COMMAND:upstart-dbus-bridge ARGUMENTS:--daemon,--session,--user,--bus-name,session
 Carga Cpu:0.86865234375 Tiempo [ms]:33224 Memoria Total:2090180608 Memoria Libre: 261304320 PID:4125 COMMAND:upstart-dbus-bridge ARGUMENTS:--daemon,--system,--user,--bus-name,system
 Carga Cpu:0.86865234375 Tiempo [ms]:33224 Memoria Total:2090180608 Memoria Libre: 261304320 PID:4127 COMMAND:upstart-file-bridge ARGUMENTS:--daemon,--user
 Carga Cpu:0.86865234375 Tiempo [ms]:33224 Memoria Total:2090180608 Memoria Libre: 261304320 PID:13455 COMMAND:ps ARGUMENTS:-aux
 Carga Cpu:0.87255859375 Tiempo [ms]:33234 Memoria Total:2090180608 Memoria Libre: 262557696 PID:144 COMMAND:[kpsmoused] ARGUMENTS:
 Carga Cpu:0.87255859375 Tiempo [ms]:33234 Memoria Total:2090180608 Memoria Libre: 262557696 PID:307 COMMAND:upstart-udev-bridge ARGUMENTS:--daemon
 Carga Cpu:0.87255859375 Tiempo [ms]:33234 Memoria Total:2090180608 Memoria Libre: 262557696 PID:477 COMMAND:upstart-socket-bridge ARGUMENTS:--daemon
 Carga Cpu:0.87255859375 Tiempo [ms]:33234 Memoria Total:2090180608 Memoria Libre: 262557696 PID:839 COMMAND:upstart-file-bridge ARGUMENTS:--daemon
 Carga Cpu:0.87255859375 Tiempo [ms]:33234 Memoria Total:2090180608 Memoria Libre: 262557696 PID:1119 COMMAND:/usr/sbin/cups-browsed ARGUMENTS:
 Carga Cpu:0.87255859375 Tiempo [ms]:33234 Memoria Total:2090180608 Memoria Libre: 262557696 PID:1166 COMMAND:whoopsie ARGUMENTS:
 Carga Cpu:0.87255859375 Tiempo [ms]:33234 Memoria Total:2090180608 Memoria Libre: 262557696 PID:1599 COMMAND:/usr/sbin/kerneloops ARGUMENTS:
 Carga Cpu:0.87255859375 Tiempo [ms]:33234 Memoria Total:2090180608 Memoria Libre: 262557696 PID:2452 COMMAND:/usr/sbin/cupsd ARGUMENTS:-f
 Carga Cpu:0.87255859375 Tiempo [ms]:33234 Memoria Total:2090180608 Memoria Libre: 262557696 PID:2455 COMMAND:/usr/lib/cups/notifier/dbus ARGUMENTS:dbus://
 Carga Cpu:0.87255859375 Tiempo [ms]:33234 Memoria Total:2090180608 Memoria Libre: 262557696 PID:2456 COMMAND:/usr/lib/cups/notifier/dbus ARGUMENTS:dbus://
 Carga Cpu:0.87255859375 Tiempo [ms]:33234 Memoria Total:2090180608 Memoria Libre: 262557696 PID:4082 COMMAND:upstart-event-bridge ARGUMENTS:
 Carga Cpu:0.87255859375 Tiempo [ms]:33234 Memoria Total:2090180608 Memoria Libre: 262557696 PID:4104 COMMAND:upstart-dbus-bridge ARGUMENTS:--daemon,--session,--user,--bus-name,session
 Carga Cpu:0.87255859375 Tiempo [ms]:33234 Memoria Total:2090180608 Memoria Libre: 262557696 PID:4125 COMMAND:upstart-dbus-bridge ARGUMENTS:--daemon,--system,--user,--bus-name,system
 Carga Cpu:0.87255859375 Tiempo [ms]:33234 Memoria Total:2090180608 Memoria Libre: 262557696 PID:4127 COMMAND:upstart-file-bridge ARGUMENTS:--daemon,--user
 Carga Cpu:0.87255859375 Tiempo [ms]:33234 Memoria Total:2090180608 Memoria Libre: 262557696 PID:13461 COMMAND:ps ARGUMENTS:-aux
 Carga Cpu:0.84375 Tiempo [ms]:33244 Memoria Total:2090180608 Memoria Libre: 262692864 PID:144 COMMAND:[kpsmoused] ARGUMENTS:
 Carga Cpu:0.84375 Tiempo [ms]:33244 Memoria Total:2090180608 Memoria Libre: 262692864 PID:307 COMMAND:upstart-udev-bridge ARGUMENTS:--daemon
 Carga Cpu:0.84375 Tiempo [ms]:33244 Memoria Total:2090180608 Memoria Libre: 262692864 PID:477 COMMAND:upstart-socket-bridge ARGUMENTS:--daemon
 Carga Cpu:0.84375 Tiempo [ms]:33244 Memoria Total:2090180608 Memoria Libre: 262692864 PID:839 COMMAND:upstart-file-bridge ARGUMENTS:--daemon
 Carga Cpu:0.84375 Tiempo [ms]:33244 Memoria Total:2090180608 Memoria Libre: 262692864 PID:1119 COMMAND:/usr/sbin/cups-browsed ARGUMENTS:
 Carga Cpu:0.84375 Tiempo [ms]:33244 Memoria Total:2090180608 Memoria Libre: 262692864 PID:1166 COMMAND:whoopsie ARGUMENTS:
 Carga Cpu:0.84375 Tiempo [ms]:33244 Memoria Total:2090180608 Memoria Libre: 262692864 PID:1599 COMMAND:/usr/sbin/kerneloops ARGUMENTS:
 Carga Cpu:0.84375 Tiempo [ms]:33244 Memoria Total:2090180608 Memoria Libre: 262692864 PID:2452 COMMAND:/usr/sbin/cupsd ARGUMENTS:-f
 Carga Cpu:0.84375 Tiempo [ms]:33244 Memoria Total:2090180608 Memoria Libre: 262692864 PID:2455 COMMAND:/usr/lib/cups/notifier/dbus ARGUMENTS:dbus://
 Carga Cpu:0.84375 Tiempo [ms]:33244 Memoria Total:2090180608 Memoria Libre: 262692864 PID:2456 COMMAND:/usr/lib/cups/notifier/dbus ARGUMENTS:dbus://
 Carga Cpu:0.84375 Tiempo [ms]:33244 Memoria Total:2090180608 Memoria Libre: 262692864 PID:4082 COMMAND:upstart-event-bridge ARGUMENTS:
 Carga Cpu:0.84375 Tiempo [ms]:33244 Memoria Total:2090180608 Memoria Libre: 262692864 PID:4104 COMMAND:upstart-dbus-bridge ARGUMENTS:--daemon,--session,--user,--bus-name,session
 Carga Cpu:0.84375 Tiempo [ms]:33244 Memoria Total:2090180608 Memoria Libre: 262692864 PID:4125 COMMAND:upstart-dbus-bridge ARGUMENTS:--daemon,--system,--user,--bus-name,system
 Carga Cpu:0.84375 Tiempo [ms]:33244 Memoria Total:2090180608 Memoria Libre: 262692864 PID:4127 COMMAND:upstart-file-bridge ARGUMENTS:--daemon,--user
 Carga Cpu:0.84375 Tiempo [ms]:33244 Memoria Total:2090180608 Memoria Libre: 262692864 PID:13467 COMMAND:ps ARGUMENTS:-aux
 Carga Cpu:0.81591796875 Tiempo [ms]:33254 Memoria Total:2090180608 Memoria Libre: 267259904 PID:144 COMMAND:[kpsmoused] ARGUMENTS:
 Carga Cpu:0.81591796875 Tiempo [ms]:33254 Memoria Total:2090180608 Memoria Libre: 267259904 PID:307 COMMAND:upstart-udev-bridge ARGUMENTS:--daemon
 Carga Cpu:0.81591796875 Tiempo [ms]:33254 Memoria Total:2090180608 Memoria Libre: 267259904 PID:477 COMMAND:upstart-socket-bridge ARGUMENTS:--daemon
 Carga Cpu:0.81591796875 Tiempo [ms]:33254 Memoria Total:2090180608 Memoria Libre: 267259904 PID:839 COMMAND:upstart-file-bridge ARGUMENTS:--daemon
 Carga Cpu:0.81591796875 Tiempo [ms]:33254 Memoria Total:2090180608 Memoria Libre: 267259904 PID:1119 COMMAND:/usr/sbin/cups-browsed ARGUMENTS:
 Carga Cpu:0.81591796875 Tiempo [ms]:33254 Memoria Total:2090180608 Memoria Libre: 267259904 PID:1166 COMMAND:whoopsie ARGUMENTS:
 Carga Cpu:0.81591796875 Tiempo [ms]:33254 Memoria Total:2090180608 Memoria Libre: 267259904 PID:1599 COMMAND:/usr/sbin/kerneloops ARGUMENTS:
 Carga Cpu:0.81591796875 Tiempo [ms]:33254 Memoria Total:2090180608 Memoria Libre: 267259904 PID:2452 COMMAND:/usr/sbin/cupsd ARGUMENTS:-f
 Carga Cpu:0.81591796875 Tiempo [ms]:33254 Memoria Total:2090180608 Memoria Libre: 267259904 PID:2455 COMMAND:/usr/lib/cups/notifier/dbus ARGUMENTS:dbus://
 Carga Cpu:0.81591796875 Tiempo [ms]:33254 Memoria Total:2090180608 Memoria Libre: 267259904 PID:2456 COMMAND:/usr/lib/cups/notifier/dbus ARGUMENTS:dbus://
 Carga Cpu:0.81591796875 Tiempo [ms]:33254 Memoria Total:2090180608 Memoria Libre: 267259904 PID:4082 COMMAND:upstart-event-bridge ARGUMENTS:
 Carga Cpu:0.81591796875 Tiempo [ms]:33254 Memoria Total:2090180608 Memoria Libre: 267259904 PID:4104 COMMAND:upstart-dbus-bridge ARGUMENTS:--daemon,--session,--user,--bus-name,session
 Carga Cpu:0.81591796875 Tiempo [ms]:33254 Memoria Total:2090180608 Memoria Libre: 267259904 PID:4125 COMMAND:upstart-dbus-bridge ARGUMENTS:--daemon,--system,--user,--bus-name,system
 Carga Cpu:0.81591796875 Tiempo [ms]:33254 Memoria Total:2090180608 Memoria Libre: 267259904 PID:4127 COMMAND:upstart-file-bridge ARGUMENTS:--daemon,--user
 Carga Cpu:0.81591796875 Tiempo [ms]:33254 Memoria Total:2090180608 Memoria Libre: 267259904 PID:13474 COMMAND:ps ARGUMENTS:-aux
